{"C:\\Users\\phanb\\Documents\\antigravity\\brave-davinci\\server\\src\\db\\index.ts": {"path":"C:\\Users\\phanb\\Documents\\antigravity\\brave-davinci\\server\\src\\db\\index.ts","statementMap":{"0":{"start":{"line":1,"column":22},"end":{"line":1,"column":null}},"1":{"start":{"line":8,"column":18},"end":{"line":8,"column":null}},"2":{"start":{"line":9,"column":15},"end":{"line":9,"column":null}},"3":{"start":{"line":10,"column":14},"end":{"line":10,"column":null}},"4":{"start":{"line":12,"column":0},"end":{"line":14,"column":null}},"5":{"start":{"line":13,"column":2},"end":{"line":13,"column":null}},"6":{"start":{"line":16,"column":12},"end":{"line":16,"column":28}},"7":{"start":{"line":19,"column":0},"end":{"line":24,"column":null}},"8":{"start":{"line":20,"column":17},"end":{"line":20,"column":null}},"9":{"start":{"line":21,"column":2},"end":{"line":21,"column":null}},"10":{"start":{"line":23,"column":2},"end":{"line":23,"column":null}},"11":{"start":{"line":26,"column":0},"end":{"line":26,"column":null}},"12":{"start":{"line":27,"column":0},"end":{"line":27,"column":null}},"13":{"start":{"line":29,"column":15},"end":{"line":44,"column":null}},"14":{"start":{"line":46,"column":0},"end":{"line":48,"column":null}},"15":{"start":{"line":47,"column":2},"end":{"line":47,"column":null}},"16":{"start":{"line":50,"column":0},"end":{"line":50,"column":null}},"17":{"start":{"line":51,"column":0},"end":{"line":51,"column":null}},"18":{"start":{"line":52,"column":0},"end":{"line":52,"column":null}},"19":{"start":{"line":53,"column":0},"end":{"line":53,"column":null}},"20":{"start":{"line":54,"column":0},"end":{"line":54,"column":null}},"21":{"start":{"line":55,"column":0},"end":{"line":55,"column":null}},"22":{"start":{"line":56,"column":0},"end":{"line":56,"column":null}},"23":{"start":{"line":57,"column":0},"end":{"line":57,"column":null}},"24":{"start":{"line":58,"column":0},"end":{"line":58,"column":null}},"25":{"start":{"line":59,"column":0},"end":{"line":59,"column":null}},"26":{"start":{"line":60,"column":0},"end":{"line":60,"column":null}},"27":{"start":{"line":61,"column":0},"end":{"line":61,"column":null}},"28":{"start":{"line":62,"column":0},"end":{"line":62,"column":null}},"29":{"start":{"line":63,"column":0},"end":{"line":63,"column":null}},"30":{"start":{"line":64,"column":0},"end":{"line":64,"column":null}},"31":{"start":{"line":65,"column":0},"end":{"line":65,"column":null}},"32":{"start":{"line":68,"column":19},"end":{"line":80,"column":null}},"33":{"start":{"line":81,"column":0},"end":{"line":83,"column":null}},"34":{"start":{"line":82,"column":2},"end":{"line":82,"column":null}},"35":{"start":{"line":82,"column":8},"end":{"line":82,"column":24}},"36":{"start":{"line":85,"column":20},"end":{"line":85,"column":null}},"37":{"start":{"line":86,"column":0},"end":{"line":97,"column":null}},"38":{"start":{"line":87,"column":15},"end":{"line":87,"column":null}},"39":{"start":{"line":88,"column":18},"end":{"line":88,"column":null}},"40":{"start":{"line":89,"column":2},"end":{"line":93,"column":null}},"41":{"start":{"line":90,"column":19},"end":{"line":90,"column":null}},"42":{"start":{"line":91,"column":4},"end":{"line":91,"column":null}},"43":{"start":{"line":92,"column":4},"end":{"line":92,"column":null}},"44":{"start":{"line":94,"column":19},"end":{"line":94,"column":null}},"45":{"start":{"line":95,"column":2},"end":{"line":95,"column":null}},"46":{"start":{"line":96,"column":2},"end":{"line":96,"column":null}},"47":{"start":{"line":99,"column":17},"end":{"line":99,"column":null}},"48":{"start":{"line":100,"column":0},"end":{"line":104,"column":null}},"49":{"start":{"line":101,"column":17},"end":{"line":101,"column":null}},"50":{"start":{"line":102,"column":2},"end":{"line":102,"column":null}},"51":{"start":{"line":103,"column":2},"end":{"line":103,"column":null}},"52":{"start":{"line":107,"column":2},"end":{"line":107,"column":null}},"53":{"start":{"line":110,"column":18},"end":{"line":110,"column":null}}},"fnMap":{"0":{"name":"(anonymous_0)","decl":{"start":{"line":86,"column":7},"end":{"line":86,"column":19}},"loc":{"start":{"line":86,"column":35},"end":{"line":97,"column":null}},"line":86},"1":{"name":"(anonymous_1)","decl":{"start":{"line":89,"column":7},"end":{"line":89,"column":14}},"loc":{"start":{"line":89,"column":33},"end":{"line":93,"column":null}},"line":89},"2":{"name":"(anonymous_2)","decl":{"start":{"line":100,"column":7},"end":{"line":100,"column":16}},"loc":{"start":{"line":100,"column":32},"end":{"line":104,"column":null}},"line":100},"3":{"name":"saveDb","decl":{"start":{"line":106,"column":16},"end":{"line":106,"column":25}},"loc":{"start":{"line":106,"column":25},"end":{"line":108,"column":null}},"line":106}},"branchMap":{"0":{"loc":{"start":{"line":12,"column":0},"end":{"line":14,"column":null}},"type":"if","locations":[{"start":{"line":12,"column":0},"end":{"line":14,"column":null}},{"start":{},"end":{}}],"line":12},"1":{"loc":{"start":{"line":19,"column":0},"end":{"line":24,"column":null}},"type":"if","locations":[{"start":{"line":19,"column":0},"end":{"line":24,"column":null}},{"start":{"line":22,"column":7},"end":{"line":24,"column":null}}],"line":19}},"s":{"0":1,"1":1,"2":1,"3":1,"4":1,"5":0,"6":1,"7":1,"8":1,"9":1,"10":0,"11":1,"12":1,"13":1,"14":1,"15":14,"16":1,"17":1,"18":1,"19":1,"20":1,"21":1,"22":1,"23":1,"24":1,"25":1,"26":1,"27":1,"28":1,"29":1,"30":1,"31":1,"32":1,"33":1,"34":11,"35":11,"36":1,"37":1,"38":0,"39":0,"40":0,"41":0,"42":0,"43":0,"44":0,"45":0,"46":0,"47":1,"48":1,"49":0,"50":0,"51":0,"52":0,"53":1},"f":{"0":0,"1":0,"2":0,"3":0},"b":{"0":[0,1],"1":[1,0]},"meta":{"lastBranch":2,"lastFunction":4,"lastStatement":54,"seen":{"s:1:22:1:Infinity":0,"s:8:18:8:Infinity":1,"s:9:15:9:Infinity":2,"s:10:14:10:Infinity":3,"b:12:0:14:Infinity:undefined:undefined:undefined:undefined":0,"s:12:0:14:Infinity":4,"s:13:2:13:Infinity":5,"s:16:12:16:28":6,"b:19:0:24:Infinity:22:7:24:Infinity":1,"s:19:0:24:Infinity":7,"s:20:17:20:Infinity":8,"s:21:2:21:Infinity":9,"s:23:2:23:Infinity":10,"s:26:0:26:Infinity":11,"s:27:0:27:Infinity":12,"s:29:15:44:Infinity":13,"s:46:0:48:Infinity":14,"s:47:2:47:Infinity":15,"s:50:0:50:Infinity":16,"s:51:0:51:Infinity":17,"s:52:0:52:Infinity":18,"s:53:0:53:Infinity":19,"s:54:0:54:Infinity":20,"s:55:0:55:Infinity":21,"s:56:0:56:Infinity":22,"s:57:0:57:Infinity":23,"s:58:0:58:Infinity":24,"s:59:0:59:Infinity":25,"s:60:0:60:Infinity":26,"s:61:0:61:Infinity":27,"s:62:0:62:Infinity":28,"s:63:0:63:Infinity":29,"s:64:0:64:Infinity":30,"s:65:0:65:Infinity":31,"s:68:19:80:Infinity":32,"s:81:0:83:Infinity":33,"s:82:2:82:Infinity":34,"s:82:8:82:24":35,"s:85:20:85:Infinity":36,"s:86:0:97:Infinity":37,"f:86:7:86:19":0,"s:87:15:87:Infinity":38,"s:88:18:88:Infinity":39,"s:89:2:93:Infinity":40,"f:89:7:89:14":1,"s:90:19:90:Infinity":41,"s:91:4:91:Infinity":42,"s:92:4:92:Infinity":43,"s:94:19:94:Infinity":44,"s:95:2:95:Infinity":45,"s:96:2:96:Infinity":46,"s:99:17:99:Infinity":47,"s:100:0:104:Infinity":48,"f:100:7:100:16":2,"s:101:17:101:Infinity":49,"s:102:2:102:Infinity":50,"s:103:2:103:Infinity":51,"f:106:16:106:25":3,"s:107:2:107:Infinity":52,"s:110:18:110:Infinity":53},"fnNames":{}}}
,"C:\\Users\\phanb\\Documents\\antigravity\\brave-davinci\\server\\src\\db\\schema.ts": {"path":"C:\\Users\\phanb\\Documents\\antigravity\\brave-davinci\\server\\src\\db\\schema.ts","statementMap":{"0":{"start":{"line":3,"column":21},"end":{"line":17,"column":null}},"1":{"start":{"line":16,"column":59},"end":{"line":16,"column":83}},"2":{"start":{"line":19,"column":24},"end":{"line":42,"column":null}},"3":{"start":{"line":39,"column":59},"end":{"line":39,"column":83}},"4":{"start":{"line":40,"column":59},"end":{"line":40,"column":83}},"5":{"start":{"line":44,"column":22},"end":{"line":60,"column":null}},"6":{"start":{"line":46,"column":59},"end":{"line":46,"column":70}},"7":{"start":{"line":57,"column":59},"end":{"line":57,"column":83}},"8":{"start":{"line":58,"column":59},"end":{"line":58,"column":83}},"9":{"start":{"line":62,"column":26},"end":{"line":74,"column":null}},"10":{"start":{"line":64,"column":59},"end":{"line":64,"column":70}},"11":{"start":{"line":71,"column":59},"end":{"line":71,"column":83}},"12":{"start":{"line":72,"column":59},"end":{"line":72,"column":83}},"13":{"start":{"line":76,"column":23},"end":{"line":88,"column":null}},"14":{"start":{"line":85,"column":59},"end":{"line":85,"column":83}},"15":{"start":{"line":86,"column":59},"end":{"line":86,"column":83}},"16":{"start":{"line":90,"column":25},"end":{"line":102,"column":null}},"17":{"start":{"line":101,"column":59},"end":{"line":101,"column":83}},"18":{"start":{"line":106,"column":24},"end":{"line":116,"column":null}},"19":{"start":{"line":113,"column":59},"end":{"line":113,"column":83}},"20":{"start":{"line":114,"column":59},"end":{"line":114,"column":83}},"21":{"start":{"line":118,"column":29},"end":{"line":127,"column":null}},"22":{"start":{"line":124,"column":59},"end":{"line":124,"column":83}},"23":{"start":{"line":125,"column":59},"end":{"line":125,"column":83}},"24":{"start":{"line":129,"column":23},"end":{"line":142,"column":null}},"25":{"start":{"line":133,"column":57},"end":{"line":133,"column":70}},"26":{"start":{"line":134,"column":70},"end":{"line":134,"column":88}},"27":{"start":{"line":137,"column":59},"end":{"line":137,"column":83}},"28":{"start":{"line":138,"column":59},"end":{"line":138,"column":83}},"29":{"start":{"line":140,"column":14},"end":{"line":142,"column":1}},"30":{"start":{"line":144,"column":30},"end":{"line":151,"column":null}},"31":{"start":{"line":149,"column":59},"end":{"line":149,"column":83}},"32":{"start":{"line":153,"column":36},"end":{"line":164,"column":null}},"33":{"start":{"line":155,"column":53},"end":{"line":155,"column":63}},"34":{"start":{"line":156,"column":55},"end":{"line":156,"column":67}},"35":{"start":{"line":159,"column":59},"end":{"line":159,"column":83}},"36":{"start":{"line":160,"column":59},"end":{"line":160,"column":83}},"37":{"start":{"line":162,"column":14},"end":{"line":164,"column":1}},"38":{"start":{"line":166,"column":29},"end":{"line":180,"column":null}},"39":{"start":{"line":168,"column":49},"end":{"line":168,"column":62}},"40":{"start":{"line":176,"column":67},"end":{"line":176,"column":77}},"41":{"start":{"line":179,"column":59},"end":{"line":179,"column":83}},"42":{"start":{"line":182,"column":27},"end":{"line":187,"column":null}},"43":{"start":{"line":189,"column":31},"end":{"line":195,"column":null}},"44":{"start":{"line":191,"column":65},"end":{"line":191,"column":81}},"45":{"start":{"line":193,"column":15},"end":{"line":195,"column":2}}},"fnMap":{"0":{"name":"(anonymous_0)","decl":{"start":{"line":16,"column":42},"end":{"line":16,"column":59}},"loc":{"start":{"line":16,"column":59},"end":{"line":16,"column":83}},"line":16},"1":{"name":"(anonymous_1)","decl":{"start":{"line":39,"column":42},"end":{"line":39,"column":59}},"loc":{"start":{"line":39,"column":59},"end":{"line":39,"column":83}},"line":39},"2":{"name":"(anonymous_2)","decl":{"start":{"line":40,"column":42},"end":{"line":40,"column":59}},"loc":{"start":{"line":40,"column":59},"end":{"line":40,"column":83}},"line":40},"3":{"name":"(anonymous_3)","decl":{"start":{"line":46,"column":42},"end":{"line":46,"column":59}},"loc":{"start":{"line":46,"column":59},"end":{"line":46,"column":70}},"line":46},"4":{"name":"(anonymous_4)","decl":{"start":{"line":57,"column":42},"end":{"line":57,"column":59}},"loc":{"start":{"line":57,"column":59},"end":{"line":57,"column":83}},"line":57},"5":{"name":"(anonymous_5)","decl":{"start":{"line":58,"column":42},"end":{"line":58,"column":59}},"loc":{"start":{"line":58,"column":59},"end":{"line":58,"column":83}},"line":58},"6":{"name":"(anonymous_6)","decl":{"start":{"line":64,"column":42},"end":{"line":64,"column":59}},"loc":{"start":{"line":64,"column":59},"end":{"line":64,"column":70}},"line":64},"7":{"name":"(anonymous_7)","decl":{"start":{"line":71,"column":42},"end":{"line":71,"column":59}},"loc":{"start":{"line":71,"column":59},"end":{"line":71,"column":83}},"line":71},"8":{"name":"(anonymous_8)","decl":{"start":{"line":72,"column":42},"end":{"line":72,"column":59}},"loc":{"start":{"line":72,"column":59},"end":{"line":72,"column":83}},"line":72},"9":{"name":"(anonymous_9)","decl":{"start":{"line":85,"column":42},"end":{"line":85,"column":59}},"loc":{"start":{"line":85,"column":59},"end":{"line":85,"column":83}},"line":85},"10":{"name":"(anonymous_10)","decl":{"start":{"line":86,"column":42},"end":{"line":86,"column":59}},"loc":{"start":{"line":86,"column":59},"end":{"line":86,"column":83}},"line":86},"11":{"name":"(anonymous_11)","decl":{"start":{"line":101,"column":42},"end":{"line":101,"column":59}},"loc":{"start":{"line":101,"column":59},"end":{"line":101,"column":83}},"line":101},"12":{"name":"(anonymous_12)","decl":{"start":{"line":113,"column":42},"end":{"line":113,"column":59}},"loc":{"start":{"line":113,"column":59},"end":{"line":113,"column":83}},"line":113},"13":{"name":"(anonymous_13)","decl":{"start":{"line":114,"column":42},"end":{"line":114,"column":59}},"loc":{"start":{"line":114,"column":59},"end":{"line":114,"column":83}},"line":114},"14":{"name":"(anonymous_14)","decl":{"start":{"line":124,"column":42},"end":{"line":124,"column":59}},"loc":{"start":{"line":124,"column":59},"end":{"line":124,"column":83}},"line":124},"15":{"name":"(anonymous_15)","decl":{"start":{"line":125,"column":42},"end":{"line":125,"column":59}},"loc":{"start":{"line":125,"column":59},"end":{"line":125,"column":83}},"line":125},"16":{"name":"(anonymous_16)","decl":{"start":{"line":133,"column":40},"end":{"line":133,"column":57}},"loc":{"start":{"line":133,"column":57},"end":{"line":133,"column":70}},"line":133},"17":{"name":"(anonymous_17)","decl":{"start":{"line":134,"column":53},"end":{"line":134,"column":70}},"loc":{"start":{"line":134,"column":70},"end":{"line":134,"column":88}},"line":134},"18":{"name":"(anonymous_18)","decl":{"start":{"line":137,"column":42},"end":{"line":137,"column":59}},"loc":{"start":{"line":137,"column":59},"end":{"line":137,"column":83}},"line":137},"19":{"name":"(anonymous_19)","decl":{"start":{"line":138,"column":42},"end":{"line":138,"column":59}},"loc":{"start":{"line":138,"column":59},"end":{"line":138,"column":83}},"line":138},"20":{"name":"(anonymous_20)","decl":{"start":{"line":140,"column":0},"end":{"line":140,"column":4}},"loc":{"start":{"line":140,"column":14},"end":{"line":142,"column":1}},"line":140},"21":{"name":"(anonymous_21)","decl":{"start":{"line":149,"column":42},"end":{"line":149,"column":59}},"loc":{"start":{"line":149,"column":59},"end":{"line":149,"column":83}},"line":149},"22":{"name":"(anonymous_22)","decl":{"start":{"line":155,"column":36},"end":{"line":155,"column":53}},"loc":{"start":{"line":155,"column":53},"end":{"line":155,"column":63}},"line":155},"23":{"name":"(anonymous_23)","decl":{"start":{"line":156,"column":38},"end":{"line":156,"column":55}},"loc":{"start":{"line":156,"column":55},"end":{"line":156,"column":67}},"line":156},"24":{"name":"(anonymous_24)","decl":{"start":{"line":159,"column":42},"end":{"line":159,"column":59}},"loc":{"start":{"line":159,"column":59},"end":{"line":159,"column":83}},"line":159},"25":{"name":"(anonymous_25)","decl":{"start":{"line":160,"column":42},"end":{"line":160,"column":59}},"loc":{"start":{"line":160,"column":59},"end":{"line":160,"column":83}},"line":160},"26":{"name":"(anonymous_26)","decl":{"start":{"line":162,"column":0},"end":{"line":162,"column":4}},"loc":{"start":{"line":162,"column":14},"end":{"line":164,"column":1}},"line":162},"27":{"name":"(anonymous_27)","decl":{"start":{"line":168,"column":32},"end":{"line":168,"column":49}},"loc":{"start":{"line":168,"column":49},"end":{"line":168,"column":62}},"line":168},"28":{"name":"(anonymous_28)","decl":{"start":{"line":176,"column":50},"end":{"line":176,"column":67}},"loc":{"start":{"line":176,"column":67},"end":{"line":176,"column":77}},"line":176},"29":{"name":"(anonymous_29)","decl":{"start":{"line":179,"column":42},"end":{"line":179,"column":59}},"loc":{"start":{"line":179,"column":59},"end":{"line":179,"column":83}},"line":179},"30":{"name":"(anonymous_30)","decl":{"start":{"line":191,"column":48},"end":{"line":191,"column":65}},"loc":{"start":{"line":191,"column":65},"end":{"line":191,"column":81}},"line":191},"31":{"name":"(anonymous_31)","decl":{"start":{"line":193,"column":0},"end":{"line":193,"column":4}},"loc":{"start":{"line":193,"column":15},"end":{"line":195,"column":2}},"line":193}},"branchMap":{},"s":{"0":1,"1":0,"2":1,"3":0,"4":0,"5":1,"6":0,"7":0,"8":0,"9":1,"10":0,"11":0,"12":0,"13":1,"14":0,"15":0,"16":1,"17":0,"18":1,"19":0,"20":0,"21":1,"22":0,"23":0,"24":1,"25":0,"26":0,"27":0,"28":0,"29":1,"30":1,"31":0,"32":1,"33":0,"34":0,"35":0,"36":0,"37":1,"38":1,"39":0,"40":0,"41":0,"42":1,"43":1,"44":0,"45":1},"f":{"0":0,"1":0,"2":0,"3":0,"4":0,"5":0,"6":0,"7":0,"8":0,"9":0,"10":0,"11":0,"12":0,"13":0,"14":0,"15":0,"16":0,"17":0,"18":0,"19":0,"20":1,"21":0,"22":0,"23":0,"24":0,"25":0,"26":1,"27":0,"28":0,"29":0,"30":0,"31":1},"b":{},"meta":{"lastBranch":0,"lastFunction":32,"lastStatement":46,"seen":{"s:3:21:17:Infinity":0,"f:16:42:16:59":0,"s:16:59:16:83":1,"s:19:24:42:Infinity":2,"f:39:42:39:59":1,"s:39:59:39:83":3,"f:40:42:40:59":2,"s:40:59:40:83":4,"s:44:22:60:Infinity":5,"f:46:42:46:59":3,"s:46:59:46:70":6,"f:57:42:57:59":4,"s:57:59:57:83":7,"f:58:42:58:59":5,"s:58:59:58:83":8,"s:62:26:74:Infinity":9,"f:64:42:64:59":6,"s:64:59:64:70":10,"f:71:42:71:59":7,"s:71:59:71:83":11,"f:72:42:72:59":8,"s:72:59:72:83":12,"s:76:23:88:Infinity":13,"f:85:42:85:59":9,"s:85:59:85:83":14,"f:86:42:86:59":10,"s:86:59:86:83":15,"s:90:25:102:Infinity":16,"f:101:42:101:59":11,"s:101:59:101:83":17,"s:106:24:116:Infinity":18,"f:113:42:113:59":12,"s:113:59:113:83":19,"f:114:42:114:59":13,"s:114:59:114:83":20,"s:118:29:127:Infinity":21,"f:124:42:124:59":14,"s:124:59:124:83":22,"f:125:42:125:59":15,"s:125:59:125:83":23,"s:129:23:142:Infinity":24,"f:133:40:133:57":16,"s:133:57:133:70":25,"f:134:53:134:70":17,"s:134:70:134:88":26,"f:137:42:137:59":18,"s:137:59:137:83":27,"f:138:42:138:59":19,"s:138:59:138:83":28,"f:140:0:140:4":20,"s:140:14:142:1":29,"s:144:30:151:Infinity":30,"f:149:42:149:59":21,"s:149:59:149:83":31,"s:153:36:164:Infinity":32,"f:155:36:155:53":22,"s:155:53:155:63":33,"f:156:38:156:55":23,"s:156:55:156:67":34,"f:159:42:159:59":24,"s:159:59:159:83":35,"f:160:42:160:59":25,"s:160:59:160:83":36,"f:162:0:162:4":26,"s:162:14:164:1":37,"s:166:29:180:Infinity":38,"f:168:32:168:49":27,"s:168:49:168:62":39,"f:176:50:176:67":28,"s:176:67:176:77":40,"f:179:42:179:59":29,"s:179:59:179:83":41,"s:182:27:187:Infinity":42,"s:189:31:195:Infinity":43,"f:191:48:191:65":30,"s:191:65:191:81":44,"f:193:0:193:4":31,"s:193:15:195:2":45},"fnNames":{}}}
,"C:\\Users\\phanb\\Documents\\antigravity\\brave-davinci\\server\\src\\middleware\\auth.ts": {"path":"C:\\Users\\phanb\\Documents\\antigravity\\brave-davinci\\server\\src\\middleware\\auth.ts","statementMap":{"0":{"start":{"line":13,"column":27},"end":{"line":13,"column":null}},"1":{"start":{"line":14,"column":23},"end":{"line":14,"column":null}},"2":{"start":{"line":15,"column":27},"end":{"line":15,"column":null}},"3":{"start":{"line":26,"column":22},"end":{"line":26,"column":null}},"4":{"start":{"line":27,"column":23},"end":{"line":27,"column":null}},"5":{"start":{"line":28,"column":2},"end":{"line":28,"column":null}},"6":{"start":{"line":32,"column":2},"end":{"line":36,"column":null}},"7":{"start":{"line":33,"column":4},"end":{"line":33,"column":null}},"8":{"start":{"line":35,"column":4},"end":{"line":35,"column":null}},"9":{"start":{"line":39,"column":30},"end":{"line":58,"column":null}},"10":{"start":{"line":40,"column":21},"end":{"line":40,"column":null}},"11":{"start":{"line":41,"column":2},"end":{"line":43,"column":null}},"12":{"start":{"line":42,"column":4},"end":{"line":42,"column":null}},"13":{"start":{"line":44,"column":16},"end":{"line":44,"column":null}},"14":{"start":{"line":45,"column":18},"end":{"line":45,"column":null}},"15":{"start":{"line":46,"column":2},"end":{"line":48,"column":null}},"16":{"start":{"line":47,"column":4},"end":{"line":47,"column":null}},"17":{"start":{"line":51,"column":19},"end":{"line":51,"column":null}},"18":{"start":{"line":52,"column":2},"end":{"line":54,"column":null}},"19":{"start":{"line":53,"column":4},"end":{"line":53,"column":null}},"20":{"start":{"line":56,"column":2},"end":{"line":56,"column":null}},"21":{"start":{"line":57,"column":2},"end":{"line":57,"column":null}},"22":{"start":{"line":61,"column":2},"end":{"line":67,"column":null}},"23":{"start":{"line":62,"column":17},"end":{"line":62,"column":null}},"24":{"start":{"line":63,"column":4},"end":{"line":65,"column":null}},"25":{"start":{"line":64,"column":6},"end":{"line":64,"column":null}},"26":{"start":{"line":66,"column":4},"end":{"line":66,"column":null}}},"fnMap":{"0":{"name":"generateTokens","decl":{"start":{"line":25,"column":16},"end":{"line":25,"column":31}},"loc":{"start":{"line":25,"column":52},"end":{"line":29,"column":null}},"line":25},"1":{"name":"verifyToken","decl":{"start":{"line":31,"column":16},"end":{"line":31,"column":28}},"loc":{"start":{"line":31,"column":62},"end":{"line":37,"column":null}},"line":31},"2":{"name":"(anonymous_2)","decl":{"start":{"line":39,"column":47},"end":{"line":39,"column":54}},"loc":{"start":{"line":39,"column":66},"end":{"line":58,"column":1}},"line":39},"3":{"name":"roleMiddleware","decl":{"start":{"line":60,"column":16},"end":{"line":60,"column":31}},"loc":{"start":{"line":60,"column":51},"end":{"line":68,"column":null}},"line":60},"4":{"name":"(anonymous_4)","decl":{"start":{"line":61,"column":26},"end":{"line":61,"column":33}},"loc":{"start":{"line":61,"column":45},"end":{"line":67,"column":3}},"line":61}},"branchMap":{"0":{"loc":{"start":{"line":13,"column":27},"end":{"line":13,"column":null}},"type":"binary-expr","locations":[{"start":{"line":13,"column":27},"end":{"line":13,"column":53}},{"start":{"line":13,"column":53},"end":{"line":13,"column":null}}],"line":13},"1":{"loc":{"start":{"line":41,"column":2},"end":{"line":43,"column":null}},"type":"if","locations":[{"start":{"line":41,"column":2},"end":{"line":43,"column":null}},{"start":{},"end":{}}],"line":41},"2":{"loc":{"start":{"line":46,"column":2},"end":{"line":48,"column":null}},"type":"if","locations":[{"start":{"line":46,"column":2},"end":{"line":48,"column":null}},{"start":{},"end":{}}],"line":46},"3":{"loc":{"start":{"line":52,"column":2},"end":{"line":54,"column":null}},"type":"if","locations":[{"start":{"line":52,"column":2},"end":{"line":54,"column":null}},{"start":{},"end":{}}],"line":52},"4":{"loc":{"start":{"line":52,"column":6},"end":{"line":52,"column":119}},"type":"binary-expr","locations":[{"start":{"line":52,"column":6},"end":{"line":52,"column":17}},{"start":{"line":52,"column":17},"end":{"line":52,"column":48}},{"start":{"line":52,"column":48},"end":{"line":52,"column":72}},{"start":{"line":52,"column":72},"end":{"line":52,"column":119}}],"line":52},"5":{"loc":{"start":{"line":63,"column":4},"end":{"line":65,"column":null}},"type":"if","locations":[{"start":{"line":63,"column":4},"end":{"line":65,"column":null}},{"start":{},"end":{}}],"line":63}},"s":{"0":1,"1":1,"2":1,"3":2,"4":2,"5":2,"6":3,"7":3,"8":1,"9":1,"10":0,"11":0,"12":0,"13":0,"14":0,"15":0,"16":0,"17":0,"18":0,"19":0,"20":0,"21":0,"22":0,"23":0,"24":0,"25":0,"26":0},"f":{"0":2,"1":3,"2":0,"3":0,"4":0},"b":{"0":[1,1],"1":[0,0],"2":[0,0],"3":[0,0],"4":[0,0,0,0],"5":[0,0]},"meta":{"lastBranch":6,"lastFunction":5,"lastStatement":27,"seen":{"s:13:27:13:Infinity":0,"b:13:27:13:53:13:53:13:Infinity":0,"s:14:23:14:Infinity":1,"s:15:27:15:Infinity":2,"f:25:16:25:31":0,"s:26:22:26:Infinity":3,"s:27:23:27:Infinity":4,"s:28:2:28:Infinity":5,"f:31:16:31:28":1,"s:32:2:36:Infinity":6,"s:33:4:33:Infinity":7,"s:35:4:35:Infinity":8,"s:39:30:58:Infinity":9,"f:39:47:39:54":2,"s:40:21:40:Infinity":10,"b:41:2:43:Infinity:undefined:undefined:undefined:undefined":1,"s:41:2:43:Infinity":11,"s:42:4:42:Infinity":12,"s:44:16:44:Infinity":13,"s:45:18:45:Infinity":14,"b:46:2:48:Infinity:undefined:undefined:undefined:undefined":2,"s:46:2:48:Infinity":15,"s:47:4:47:Infinity":16,"s:51:19:51:Infinity":17,"b:52:2:54:Infinity:undefined:undefined:undefined:undefined":3,"s:52:2:54:Infinity":18,"b:52:6:52:17:52:17:52:48:52:48:52:72:52:72:52:119":4,"s:53:4:53:Infinity":19,"s:56:2:56:Infinity":20,"s:57:2:57:Infinity":21,"f:60:16:60:31":3,"s:61:2:67:Infinity":22,"f:61:26:61:33":4,"s:62:17:62:Infinity":23,"b:63:4:65:Infinity:undefined:undefined:undefined:undefined":5,"s:63:4:65:Infinity":24,"s:64:6:64:Infinity":25,"s:66:4:66:Infinity":26},"fnNames":{}}}
,"C:\\Users\\phanb\\Documents\\antigravity\\brave-davinci\\src\\lib\\api.ts": {"path":"C:\\Users\\phanb\\Documents\\antigravity\\brave-davinci\\src\\lib\\api.ts","statementMap":{"0":{"start":{"line":1,"column":33},"end":{"line":1,"column":null}},"1":{"start":{"line":2,"column":34},"end":{"line":2,"column":null}},"2":{"start":{"line":4,"column":17},"end":{"line":4,"column":null}},"3":{"start":{"line":7,"column":2},"end":{"line":7,"column":null}},"4":{"start":{"line":11,"column":2},"end":{"line":11,"column":null}},"5":{"start":{"line":12,"column":2},"end":{"line":12,"column":null}},"6":{"start":{"line":13,"column":2},"end":{"line":18,"column":null}},"7":{"start":{"line":14,"column":4},"end":{"line":14,"column":null}},"8":{"start":{"line":15,"column":4},"end":{"line":15,"column":null}},"9":{"start":{"line":22,"column":2},"end":{"line":27,"column":null}},"10":{"start":{"line":23,"column":4},"end":{"line":23,"column":null}},"11":{"start":{"line":24,"column":4},"end":{"line":24,"column":null}},"12":{"start":{"line":30,"column":26},"end":{"line":30,"column":null}},"13":{"start":{"line":33,"column":2},"end":{"line":33,"column":null}},"14":{"start":{"line":34,"column":2},"end":{"line":34,"column":null}},"15":{"start":{"line":35,"column":2},"end":{"line":40,"column":null}},"16":{"start":{"line":36,"column":4},"end":{"line":36,"column":null}},"17":{"start":{"line":37,"column":4},"end":{"line":37,"column":null}},"18":{"start":{"line":44,"column":2},"end":{"line":44,"column":null}},"19":{"start":{"line":44,"column":21},"end":{"line":44,"column":null}},"20":{"start":{"line":45,"column":2},"end":{"line":61,"column":null}},"21":{"start":{"line":46,"column":16},"end":{"line":50,"column":null}},"22":{"start":{"line":51,"column":4},"end":{"line":54,"column":null}},"23":{"start":{"line":52,"column":6},"end":{"line":52,"column":null}},"24":{"start":{"line":53,"column":6},"end":{"line":53,"column":null}},"25":{"start":{"line":55,"column":17},"end":{"line":55,"column":null}},"26":{"start":{"line":56,"column":19},"end":{"line":56,"column":null}},"27":{"start":{"line":57,"column":4},"end":{"line":57,"column":null}},"28":{"start":{"line":58,"column":4},"end":{"line":58,"column":null}},"29":{"start":{"line":60,"column":4},"end":{"line":60,"column":null}},"30":{"start":{"line":65,"column":2},"end":{"line":65,"column":null}},"31":{"start":{"line":66,"column":2},"end":{"line":70,"column":null}},"32":{"start":{"line":67,"column":4},"end":{"line":67,"column":null}},"33":{"start":{"line":71,"column":2},"end":{"line":71,"column":null}},"34":{"start":{"line":75,"column":14},"end":{"line":75,"column":null}},"35":{"start":{"line":76,"column":42},"end":{"line":76,"column":null}},"36":{"start":{"line":77,"column":2},"end":{"line":77,"column":null}},"37":{"start":{"line":77,"column":19},"end":{"line":77,"column":null}},"38":{"start":{"line":79,"column":12},"end":{"line":83,"column":null}},"39":{"start":{"line":85,"column":2},"end":{"line":94,"column":null}},"40":{"start":{"line":86,"column":22},"end":{"line":86,"column":null}},"41":{"start":{"line":87,"column":4},"end":{"line":93,"column":null}},"42":{"start":{"line":88,"column":6},"end":{"line":88,"column":null}},"43":{"start":{"line":89,"column":6},"end":{"line":89,"column":null}},"44":{"start":{"line":91,"column":6},"end":{"line":91,"column":null}},"45":{"start":{"line":92,"column":6},"end":{"line":92,"column":null}},"46":{"start":{"line":96,"column":2},"end":{"line":99,"column":null}},"47":{"start":{"line":97,"column":17},"end":{"line":97,"column":null}},"48":{"start":{"line":97,"column":46},"end":{"line":97,"column":48}},"49":{"start":{"line":98,"column":4},"end":{"line":98,"column":null}},"50":{"start":{"line":101,"column":2},"end":{"line":101,"column":null}},"51":{"start":{"line":101,"column":26},"end":{"line":101,"column":null}},"52":{"start":{"line":102,"column":15},"end":{"line":102,"column":null}},"53":{"start":{"line":103,"column":2},"end":{"line":105,"column":null}},"54":{"start":{"line":104,"column":4},"end":{"line":104,"column":null}},"55":{"start":{"line":106,"column":2},"end":{"line":106,"column":null}},"56":{"start":{"line":113,"column":4},"end":{"line":113,"column":null}},"57":{"start":{"line":114,"column":4},"end":{"line":114,"column":null}},"58":{"start":{"line":115,"column":4},"end":{"line":115,"column":null}},"59":{"start":{"line":116,"column":4},"end":{"line":116,"column":null}},"60":{"start":{"line":121,"column":19},"end":{"line":175,"column":null}},"61":{"start":{"line":123,"column":4},"end":{"line":127,"column":null}},"62":{"start":{"line":130,"column":18},"end":{"line":130,"column":null}},"63":{"start":{"line":134,"column":14},"end":{"line":134,"column":null}},"64":{"start":{"line":135,"column":4},"end":{"line":135,"column":null}},"65":{"start":{"line":137,"column":30},"end":{"line":137,"column":null}},"66":{"start":{"line":138,"column":52},"end":{"line":138,"column":null}},"67":{"start":{"line":139,"column":64},"end":{"line":139,"column":null}},"68":{"start":{"line":140,"column":33},"end":{"line":140,"column":null}},"69":{"start":{"line":144,"column":15},"end":{"line":144,"column":null}},"70":{"start":{"line":145,"column":4},"end":{"line":145,"column":null}},"71":{"start":{"line":145,"column":27},"end":{"line":145,"column":null}},"72":{"start":{"line":146,"column":4},"end":{"line":146,"column":null}},"73":{"start":{"line":146,"column":26},"end":{"line":146,"column":null}},"74":{"start":{"line":147,"column":4},"end":{"line":147,"column":null}},"75":{"start":{"line":147,"column":30},"end":{"line":147,"column":null}},"76":{"start":{"line":148,"column":14},"end":{"line":148,"column":null}},"77":{"start":{"line":149,"column":4},"end":{"line":149,"column":null}},"78":{"start":{"line":151,"column":50},"end":{"line":151,"column":null}},"79":{"start":{"line":152,"column":62},"end":{"line":152,"column":null}},"80":{"start":{"line":156,"column":15},"end":{"line":156,"column":null}},"81":{"start":{"line":157,"column":4},"end":{"line":157,"column":null}},"82":{"start":{"line":157,"column":27},"end":{"line":157,"column":null}},"83":{"start":{"line":158,"column":4},"end":{"line":158,"column":null}},"84":{"start":{"line":158,"column":22},"end":{"line":158,"column":null}},"85":{"start":{"line":159,"column":4},"end":{"line":159,"column":null}},"86":{"start":{"line":159,"column":22},"end":{"line":159,"column":null}},"87":{"start":{"line":160,"column":4},"end":{"line":160,"column":null}},"88":{"start":{"line":160,"column":30},"end":{"line":160,"column":null}},"89":{"start":{"line":161,"column":14},"end":{"line":161,"column":null}},"90":{"start":{"line":162,"column":4},"end":{"line":162,"column":null}},"91":{"start":{"line":164,"column":55},"end":{"line":164,"column":null}},"92":{"start":{"line":166,"column":4},"end":{"line":166,"column":null}},"93":{"start":{"line":170,"column":14},"end":{"line":170,"column":null}},"94":{"start":{"line":171,"column":4},"end":{"line":171,"column":null}},"95":{"start":{"line":173,"column":51},"end":{"line":173,"column":null}},"96":{"start":{"line":174,"column":32},"end":{"line":174,"column":null}}},"fnMap":{"0":{"name":"getAccessToken","decl":{"start":{"line":6,"column":16},"end":{"line":6,"column":48}},"loc":{"start":{"line":6,"column":48},"end":{"line":8,"column":null}},"line":6},"1":{"name":"setTokens","decl":{"start":{"line":10,"column":16},"end":{"line":10,"column":26}},"loc":{"start":{"line":10,"column":59},"end":{"line":19,"column":null}},"line":10},"2":{"name":"loadTokensFromStorage","decl":{"start":{"line":21,"column":16},"end":{"line":21,"column":40}},"loc":{"start":{"line":21,"column":40},"end":{"line":28,"column":null}},"line":21},"3":{"name":"clearTokens","decl":{"start":{"line":32,"column":16},"end":{"line":32,"column":30}},"loc":{"start":{"line":32,"column":30},"end":{"line":41,"column":null}},"line":32},"4":{"name":"refreshAccessToken","decl":{"start":{"line":43,"column":15},"end":{"line":43,"column":54}},"loc":{"start":{"line":43,"column":54},"end":{"line":62,"column":null}},"line":43},"5":{"name":"redirectToLogin","decl":{"start":{"line":64,"column":9},"end":{"line":64,"column":27}},"loc":{"start":{"line":64,"column":27},"end":{"line":72,"column":null}},"line":64},"6":{"name":"request","decl":{"start":{"line":74,"column":15},"end":{"line":74,"column":26}},"loc":{"start":{"line":74,"column":84},"end":{"line":107,"column":null}},"line":74},"7":{"name":"(anonymous_7)","decl":{"start":{"line":97,"column":34},"end":{"line":97,"column":46}},"loc":{"start":{"line":97,"column":46},"end":{"line":97,"column":48}},"line":97},"8":{"name":"constructor","decl":{"start":{"line":112,"column":2},"end":{"line":112,"column":14}},"loc":{"start":{"line":112,"column":61},"end":{"line":117,"column":null}},"line":112},"9":{"name":"(anonymous_9)","decl":{"start":{"line":122,"column":2},"end":{"line":122,"column":10}},"loc":{"start":{"line":123,"column":4},"end":{"line":127,"column":null}},"line":123},"10":{"name":"(anonymous_10)","decl":{"start":{"line":130,"column":2},"end":{"line":130,"column":18}},"loc":{"start":{"line":130,"column":18},"end":{"line":130,"column":null}},"line":130},"11":{"name":"(anonymous_11)","decl":{"start":{"line":133,"column":2},"end":{"line":133,"column":16}},"loc":{"start":{"line":133,"column":42},"end":{"line":136,"column":null}},"line":133},"12":{"name":"(anonymous_12)","decl":{"start":{"line":137,"column":2},"end":{"line":137,"column":15}},"loc":{"start":{"line":137,"column":30},"end":{"line":137,"column":null}},"line":137},"13":{"name":"(anonymous_13)","decl":{"start":{"line":138,"column":2},"end":{"line":138,"column":18}},"loc":{"start":{"line":138,"column":52},"end":{"line":138,"column":null}},"line":138},"14":{"name":"(anonymous_14)","decl":{"start":{"line":139,"column":2},"end":{"line":139,"column":18}},"loc":{"start":{"line":139,"column":64},"end":{"line":139,"column":null}},"line":139},"15":{"name":"(anonymous_15)","decl":{"start":{"line":140,"column":2},"end":{"line":140,"column":18}},"loc":{"start":{"line":140,"column":33},"end":{"line":140,"column":null}},"line":140},"16":{"name":"(anonymous_16)","decl":{"start":{"line":143,"column":2},"end":{"line":143,"column":14}},"loc":{"start":{"line":143,"column":92},"end":{"line":150,"column":null}},"line":143},"17":{"name":"(anonymous_17)","decl":{"start":{"line":151,"column":2},"end":{"line":151,"column":16}},"loc":{"start":{"line":151,"column":50},"end":{"line":151,"column":null}},"line":151},"18":{"name":"(anonymous_18)","decl":{"start":{"line":152,"column":2},"end":{"line":152,"column":22}},"loc":{"start":{"line":152,"column":62},"end":{"line":152,"column":null}},"line":152},"19":{"name":"(anonymous_19)","decl":{"start":{"line":155,"column":2},"end":{"line":155,"column":18}},"loc":{"start":{"line":155,"column":107},"end":{"line":163,"column":null}},"line":155},"20":{"name":"(anonymous_20)","decl":{"start":{"line":164,"column":2},"end":{"line":164,"column":21}},"loc":{"start":{"line":164,"column":55},"end":{"line":164,"column":null}},"line":164},"21":{"name":"(anonymous_21)","decl":{"start":{"line":165,"column":2},"end":{"line":165,"column":26}},"loc":{"start":{"line":166,"column":4},"end":{"line":166,"column":null}},"line":166},"22":{"name":"(anonymous_22)","decl":{"start":{"line":169,"column":2},"end":{"line":169,"column":15}},"loc":{"start":{"line":169,"column":41},"end":{"line":172,"column":null}},"line":169},"23":{"name":"(anonymous_23)","decl":{"start":{"line":173,"column":2},"end":{"line":173,"column":17}},"loc":{"start":{"line":173,"column":51},"end":{"line":173,"column":null}},"line":173},"24":{"name":"(anonymous_24)","decl":{"start":{"line":174,"column":2},"end":{"line":174,"column":17}},"loc":{"start":{"line":174,"column":32},"end":{"line":174,"column":null}},"line":174}},"branchMap":{"0":{"loc":{"start":{"line":44,"column":2},"end":{"line":44,"column":null}},"type":"if","locations":[{"start":{"line":44,"column":2},"end":{"line":44,"column":null}},{"start":{},"end":{}}],"line":44},"1":{"loc":{"start":{"line":51,"column":4},"end":{"line":54,"column":null}},"type":"if","locations":[{"start":{"line":51,"column":4},"end":{"line":54,"column":null}},{"start":{},"end":{}}],"line":51},"2":{"loc":{"start":{"line":56,"column":19},"end":{"line":56,"column":null}},"type":"binary-expr","locations":[{"start":{"line":56,"column":19},"end":{"line":56,"column":32}},{"start":{"line":56,"column":32},"end":{"line":56,"column":null}}],"line":56},"3":{"loc":{"start":{"line":77,"column":2},"end":{"line":77,"column":null}},"type":"if","locations":[{"start":{"line":77,"column":2},"end":{"line":77,"column":null}},{"start":{},"end":{}}],"line":77},"4":{"loc":{"start":{"line":82,"column":10},"end":{"line":82,"column":null}},"type":"cond-expr","locations":[{"start":{"line":82,"column":17},"end":{"line":82,"column":40}},{"start":{"line":82,"column":40},"end":{"line":82,"column":null}}],"line":82},"5":{"loc":{"start":{"line":85,"column":2},"end":{"line":94,"column":null}},"type":"if","locations":[{"start":{"line":85,"column":2},"end":{"line":94,"column":null}},{"start":{},"end":{}}],"line":85},"6":{"loc":{"start":{"line":85,"column":6},"end":{"line":85,"column":42}},"type":"binary-expr","locations":[{"start":{"line":85,"column":6},"end":{"line":85,"column":28}},{"start":{"line":85,"column":28},"end":{"line":85,"column":42}}],"line":85},"7":{"loc":{"start":{"line":87,"column":4},"end":{"line":93,"column":null}},"type":"if","locations":[{"start":{"line":87,"column":4},"end":{"line":93,"column":null}},{"start":{"line":90,"column":11},"end":{"line":93,"column":null}}],"line":87},"8":{"loc":{"start":{"line":89,"column":54},"end":{"line":89,"column":94}},"type":"cond-expr","locations":[{"start":{"line":89,"column":61},"end":{"line":89,"column":84}},{"start":{"line":89,"column":84},"end":{"line":89,"column":94}}],"line":89},"9":{"loc":{"start":{"line":96,"column":2},"end":{"line":99,"column":null}},"type":"if","locations":[{"start":{"line":96,"column":2},"end":{"line":99,"column":null}},{"start":{},"end":{}}],"line":96},"10":{"loc":{"start":{"line":98,"column":35},"end":{"line":98,"column":59}},"type":"binary-expr","locations":[{"start":{"line":98,"column":35},"end":{"line":98,"column":43}},{"start":{"line":98,"column":43},"end":{"line":98,"column":59}}],"line":98},"11":{"loc":{"start":{"line":101,"column":2},"end":{"line":101,"column":null}},"type":"if","locations":[{"start":{"line":101,"column":2},"end":{"line":101,"column":null}},{"start":{},"end":{}}],"line":101},"12":{"loc":{"start":{"line":103,"column":2},"end":{"line":105,"column":null}},"type":"if","locations":[{"start":{"line":103,"column":2},"end":{"line":105,"column":null}},{"start":{},"end":{}}],"line":103},"13":{"loc":{"start":{"line":103,"column":6},"end":{"line":103,"column":79}},"type":"binary-expr","locations":[{"start":{"line":103,"column":6},"end":{"line":103,"column":14}},{"start":{"line":103,"column":14},"end":{"line":103,"column":42}},{"start":{"line":103,"column":42},"end":{"line":103,"column":63}},{"start":{"line":103,"column":63},"end":{"line":103,"column":79}}],"line":103},"14":{"loc":{"start":{"line":134,"column":14},"end":{"line":134,"column":null}},"type":"cond-expr","locations":[{"start":{"line":134,"column":29},"end":{"line":134,"column":83}},{"start":{"line":134,"column":83},"end":{"line":134,"column":null}}],"line":134},"15":{"loc":{"start":{"line":145,"column":4},"end":{"line":145,"column":null}},"type":"if","locations":[{"start":{"line":145,"column":4},"end":{"line":145,"column":null}},{"start":{},"end":{}}],"line":145},"16":{"loc":{"start":{"line":146,"column":4},"end":{"line":146,"column":null}},"type":"if","locations":[{"start":{"line":146,"column":4},"end":{"line":146,"column":null}},{"start":{},"end":{}}],"line":146},"17":{"loc":{"start":{"line":147,"column":4},"end":{"line":147,"column":null}},"type":"if","locations":[{"start":{"line":147,"column":4},"end":{"line":147,"column":null}},{"start":{},"end":{}}],"line":147},"18":{"loc":{"start":{"line":149,"column":43},"end":{"line":149,"column":61}},"type":"cond-expr","locations":[{"start":{"line":149,"column":47},"end":{"line":149,"column":57}},{"start":{"line":149,"column":57},"end":{"line":149,"column":61}}],"line":149},"19":{"loc":{"start":{"line":157,"column":4},"end":{"line":157,"column":null}},"type":"if","locations":[{"start":{"line":157,"column":4},"end":{"line":157,"column":null}},{"start":{},"end":{}}],"line":157},"20":{"loc":{"start":{"line":158,"column":4},"end":{"line":158,"column":null}},"type":"if","locations":[{"start":{"line":158,"column":4},"end":{"line":158,"column":null}},{"start":{},"end":{}}],"line":158},"21":{"loc":{"start":{"line":159,"column":4},"end":{"line":159,"column":null}},"type":"if","locations":[{"start":{"line":159,"column":4},"end":{"line":159,"column":null}},{"start":{},"end":{}}],"line":159},"22":{"loc":{"start":{"line":160,"column":4},"end":{"line":160,"column":null}},"type":"if","locations":[{"start":{"line":160,"column":4},"end":{"line":160,"column":null}},{"start":{},"end":{}}],"line":160},"23":{"loc":{"start":{"line":162,"column":47},"end":{"line":162,"column":65}},"type":"cond-expr","locations":[{"start":{"line":162,"column":51},"end":{"line":162,"column":61}},{"start":{"line":162,"column":61},"end":{"line":162,"column":65}}],"line":162},"24":{"loc":{"start":{"line":170,"column":14},"end":{"line":170,"column":null}},"type":"cond-expr","locations":[{"start":{"line":170,"column":29},"end":{"line":170,"column":83}},{"start":{"line":170,"column":83},"end":{"line":170,"column":null}}],"line":170}},"s":{"0":1,"1":1,"2":1,"3":0,"4":0,"5":0,"6":0,"7":0,"8":0,"9":0,"10":0,"11":0,"12":1,"13":0,"14":0,"15":0,"16":0,"17":0,"18":0,"19":0,"20":0,"21":0,"22":0,"23":0,"24":0,"25":0,"26":0,"27":0,"28":0,"29":0,"30":0,"31":0,"32":0,"33":0,"34":0,"35":0,"36":0,"37":0,"38":0,"39":0,"40":0,"41":0,"42":0,"43":0,"44":0,"45":0,"46":0,"47":0,"48":0,"49":0,"50":0,"51":0,"52":0,"53":0,"54":0,"55":0,"56":6,"57":6,"58":6,"59":6,"60":1,"61":0,"62":0,"63":0,"64":0,"65":0,"66":0,"67":0,"68":0,"69":0,"70":0,"71":0,"72":0,"73":0,"74":0,"75":0,"76":0,"77":0,"78":0,"79":0,"80":0,"81":0,"82":0,"83":0,"84":0,"85":0,"86":0,"87":0,"88":0,"89":0,"90":0,"91":0,"92":0,"93":0,"94":0,"95":0,"96":0},"f":{"0":0,"1":0,"2":0,"3":0,"4":0,"5":0,"6":0,"7":0,"8":6,"9":0,"10":0,"11":0,"12":0,"13":0,"14":0,"15":0,"16":0,"17":0,"18":0,"19":0,"20":0,"21":0,"22":0,"23":0,"24":0},"b":{"0":[0,0],"1":[0,0],"2":[0,0],"3":[0,0],"4":[0,0],"5":[0,0],"6":[0,0],"7":[0,0],"8":[0,0],"9":[0,0],"10":[0,0],"11":[0,0],"12":[0,0],"13":[0,0,0,0],"14":[0,0],"15":[0,0],"16":[0,0],"17":[0,0],"18":[0,0],"19":[0,0],"20":[0,0],"21":[0,0],"22":[0,0],"23":[0,0],"24":[0,0]},"meta":{"lastBranch":25,"lastFunction":25,"lastStatement":97,"seen":{"s:1:33:1:Infinity":0,"s:2:34:2:Infinity":1,"s:4:17:4:Infinity":2,"f:6:16:6:48":0,"s:7:2:7:Infinity":3,"f:10:16:10:26":1,"s:11:2:11:Infinity":4,"s:12:2:12:Infinity":5,"s:13:2:18:Infinity":6,"s:14:4:14:Infinity":7,"s:15:4:15:Infinity":8,"f:21:16:21:40":2,"s:22:2:27:Infinity":9,"s:23:4:23:Infinity":10,"s:24:4:24:Infinity":11,"s:30:26:30:Infinity":12,"f:32:16:32:30":3,"s:33:2:33:Infinity":13,"s:34:2:34:Infinity":14,"s:35:2:40:Infinity":15,"s:36:4:36:Infinity":16,"s:37:4:37:Infinity":17,"f:43:15:43:54":4,"b:44:2:44:Infinity:undefined:undefined:undefined:undefined":0,"s:44:2:44:Infinity":18,"s:44:21:44:Infinity":19,"s:45:2:61:Infinity":20,"s:46:16:50:Infinity":21,"b:51:4:54:Infinity:undefined:undefined:undefined:undefined":1,"s:51:4:54:Infinity":22,"s:52:6:52:Infinity":23,"s:53:6:53:Infinity":24,"s:55:17:55:Infinity":25,"s:56:19:56:Infinity":26,"b:56:19:56:32:56:32:56:Infinity":2,"s:57:4:57:Infinity":27,"s:58:4:58:Infinity":28,"s:60:4:60:Infinity":29,"f:64:9:64:27":5,"s:65:2:65:Infinity":30,"s:66:2:70:Infinity":31,"s:67:4:67:Infinity":32,"s:71:2:71:Infinity":33,"f:74:15:74:26":6,"s:75:14:75:Infinity":34,"s:76:42:76:Infinity":35,"b:77:2:77:Infinity:undefined:undefined:undefined:undefined":3,"s:77:2:77:Infinity":36,"s:77:19:77:Infinity":37,"s:79:12:83:Infinity":38,"b:82:17:82:40:82:40:82:Infinity":4,"b:85:2:94:Infinity:undefined:undefined:undefined:undefined":5,"s:85:2:94:Infinity":39,"b:85:6:85:28:85:28:85:42":6,"s:86:22:86:Infinity":40,"b:87:4:93:Infinity:90:11:93:Infinity":7,"s:87:4:93:Infinity":41,"s:88:6:88:Infinity":42,"s:89:6:89:Infinity":43,"b:89:61:89:84:89:84:89:94":8,"s:91:6:91:Infinity":44,"s:92:6:92:Infinity":45,"b:96:2:99:Infinity:undefined:undefined:undefined:undefined":9,"s:96:2:99:Infinity":46,"s:97:17:97:Infinity":47,"f:97:34:97:46":7,"s:97:46:97:48":48,"s:98:4:98:Infinity":49,"b:98:35:98:43:98:43:98:59":10,"b:101:2:101:Infinity:undefined:undefined:undefined:undefined":11,"s:101:2:101:Infinity":50,"s:101:26:101:Infinity":51,"s:102:15:102:Infinity":52,"b:103:2:105:Infinity:undefined:undefined:undefined:undefined":12,"s:103:2:105:Infinity":53,"b:103:6:103:14:103:14:103:42:103:42:103:63:103:63:103:79":13,"s:104:4:104:Infinity":54,"s:106:2:106:Infinity":55,"f:112:2:112:14":8,"s:113:4:113:Infinity":56,"s:114:4:114:Infinity":57,"s:115:4:115:Infinity":58,"s:116:4:116:Infinity":59,"s:121:19:175:Infinity":60,"f:122:2:122:10":9,"s:123:4:127:Infinity":61,"f:130:2:130:18":10,"s:130:18:130:Infinity":62,"f:133:2:133:16":11,"s:134:14:134:Infinity":63,"b:134:29:134:83:134:83:134:Infinity":14,"s:135:4:135:Infinity":64,"f:137:2:137:15":12,"s:137:30:137:Infinity":65,"f:138:2:138:18":13,"s:138:52:138:Infinity":66,"f:139:2:139:18":14,"s:139:64:139:Infinity":67,"f:140:2:140:18":15,"s:140:33:140:Infinity":68,"f:143:2:143:14":16,"s:144:15:144:Infinity":69,"b:145:4:145:Infinity:undefined:undefined:undefined:undefined":15,"s:145:4:145:Infinity":70,"s:145:27:145:Infinity":71,"b:146:4:146:Infinity:undefined:undefined:undefined:undefined":16,"s:146:4:146:Infinity":72,"s:146:26:146:Infinity":73,"b:147:4:147:Infinity:undefined:undefined:undefined:undefined":17,"s:147:4:147:Infinity":74,"s:147:30:147:Infinity":75,"s:148:14:148:Infinity":76,"s:149:4:149:Infinity":77,"b:149:47:149:57:149:57:149:61":18,"f:151:2:151:16":17,"s:151:50:151:Infinity":78,"f:152:2:152:22":18,"s:152:62:152:Infinity":79,"f:155:2:155:18":19,"s:156:15:156:Infinity":80,"b:157:4:157:Infinity:undefined:undefined:undefined:undefined":19,"s:157:4:157:Infinity":81,"s:157:27:157:Infinity":82,"b:158:4:158:Infinity:undefined:undefined:undefined:undefined":20,"s:158:4:158:Infinity":83,"s:158:22:158:Infinity":84,"b:159:4:159:Infinity:undefined:undefined:undefined:undefined":21,"s:159:4:159:Infinity":85,"s:159:22:159:Infinity":86,"b:160:4:160:Infinity:undefined:undefined:undefined:undefined":22,"s:160:4:160:Infinity":87,"s:160:30:160:Infinity":88,"s:161:14:161:Infinity":89,"s:162:4:162:Infinity":90,"b:162:51:162:61:162:61:162:65":23,"f:164:2:164:21":20,"s:164:55:164:Infinity":91,"f:165:2:165:26":21,"s:166:4:166:Infinity":92,"f:169:2:169:15":22,"s:170:14:170:Infinity":93,"b:170:29:170:83:170:83:170:Infinity":24,"s:171:4:171:Infinity":94,"f:173:2:173:17":23,"s:173:51:173:Infinity":95,"f:174:2:174:17":24,"s:174:32:174:Infinity":96},"fnNames":{}}}
,"C:\\Users\\phanb\\Documents\\antigravity\\brave-davinci\\src\\lib\\db.ts": {"path":"C:\\Users\\phanb\\Documents\\antigravity\\brave-davinci\\src\\lib\\db.ts","statementMap":{"0":{"start":{"line":27,"column":19},"end":{"line":33,"column":null}},"1":{"start":{"line":35,"column":11},"end":{"line":35,"column":null}},"2":{"start":{"line":41,"column":0},"end":{"line":43,"column":null}},"3":{"start":{"line":45,"column":0},"end":{"line":49,"column":null}},"4":{"start":{"line":52,"column":2},"end":{"line":60,"column":null}},"5":{"start":{"line":53,"column":19},"end":{"line":53,"column":null}},"6":{"start":{"line":54,"column":4},"end":{"line":54,"column":null}},"7":{"start":{"line":54,"column":16},"end":{"line":54,"column":null}},"8":{"start":{"line":55,"column":20},"end":{"line":55,"column":null}},"9":{"start":{"line":56,"column":4},"end":{"line":59,"column":null}},"10":{"start":{"line":57,"column":6},"end":{"line":57,"column":null}},"11":{"start":{"line":58,"column":6},"end":{"line":58,"column":null}},"12":{"start":{"line":63,"column":18},"end":{"line":63,"column":null}},"13":{"start":{"line":66,"column":2},"end":{"line":66,"column":null}},"14":{"start":{"line":66,"column":19},"end":{"line":66,"column":null}},"15":{"start":{"line":67,"column":2},"end":{"line":67,"column":null}},"16":{"start":{"line":68,"column":2},"end":{"line":68,"column":null}},"17":{"start":{"line":71,"column":28},"end":{"line":86,"column":null}},"18":{"start":{"line":73,"column":4},"end":{"line":77,"column":null}},"19":{"start":{"line":74,"column":19},"end":{"line":74,"column":null}},"20":{"start":{"line":75,"column":6},"end":{"line":75,"column":null}},"21":{"start":{"line":75,"column":16},"end":{"line":75,"column":null}},"22":{"start":{"line":78,"column":4},"end":{"line":78,"column":null}},"23":{"start":{"line":81,"column":4},"end":{"line":81,"column":null}},"24":{"start":{"line":84,"column":4},"end":{"line":84,"column":null}},"25":{"start":{"line":89,"column":2},"end":{"line":89,"column":null}},"26":{"start":{"line":92,"column":18},"end":{"line":92,"column":null}}},"fnMap":{"0":{"name":"migrateFromLocalStorage","decl":{"start":{"line":51,"column":15},"end":{"line":51,"column":41}},"loc":{"start":{"line":51,"column":41},"end":{"line":61,"column":null}},"line":51},"1":{"name":"initDB","decl":{"start":{"line":65,"column":22},"end":{"line":65,"column":31}},"loc":{"start":{"line":65,"column":31},"end":{"line":69,"column":null}},"line":65},"2":{"name":"(anonymous_2)","decl":{"start":{"line":72,"column":11},"end":{"line":72,"column":18}},"loc":{"start":{"line":72,"column":35},"end":{"line":79,"column":null}},"line":72},"3":{"name":"(anonymous_3)","decl":{"start":{"line":80,"column":11},"end":{"line":80,"column":18}},"loc":{"start":{"line":80,"column":50},"end":{"line":82,"column":null}},"line":80},"4":{"name":"(anonymous_4)","decl":{"start":{"line":83,"column":14},"end":{"line":83,"column":21}},"loc":{"start":{"line":83,"column":38},"end":{"line":85,"column":null}},"line":83},"5":{"name":"getDB","decl":{"start":{"line":88,"column":16},"end":{"line":88,"column":24}},"loc":{"start":{"line":88,"column":24},"end":{"line":90,"column":null}},"line":88}},"branchMap":{"0":{"loc":{"start":{"line":54,"column":4},"end":{"line":54,"column":null}},"type":"if","locations":[{"start":{"line":54,"column":4},"end":{"line":54,"column":null}},{"start":{},"end":{}}],"line":54},"1":{"loc":{"start":{"line":56,"column":4},"end":{"line":59,"column":null}},"type":"if","locations":[{"start":{"line":56,"column":4},"end":{"line":59,"column":null}},{"start":{},"end":{}}],"line":56},"2":{"loc":{"start":{"line":66,"column":2},"end":{"line":66,"column":null}},"type":"if","locations":[{"start":{"line":66,"column":2},"end":{"line":66,"column":null}},{"start":{},"end":{}}],"line":66},"3":{"loc":{"start":{"line":75,"column":6},"end":{"line":75,"column":null}},"type":"if","locations":[{"start":{"line":75,"column":6},"end":{"line":75,"column":null}},{"start":{},"end":{}}],"line":75}},"s":{"0":1,"1":1,"2":1,"3":1,"4":1,"5":5,"6":5,"7":0,"8":5,"9":5,"10":0,"11":0,"12":1,"13":26,"14":25,"15":1,"16":1,"17":1,"18":0,"19":0,"20":0,"21":0,"22":0,"23":0,"24":0,"25":181,"26":1},"f":{"0":1,"1":26,"2":0,"3":0,"4":0,"5":181},"b":{"0":[0,5],"1":[0,5],"2":[25,1],"3":[0,0]},"meta":{"lastBranch":4,"lastFunction":6,"lastStatement":27,"seen":{"s:27:19:33:Infinity":0,"s:35:11:35:Infinity":1,"s:41:0:43:Infinity":2,"s:45:0:49:Infinity":3,"f:51:15:51:41":0,"s:52:2:60:Infinity":4,"s:53:19:53:Infinity":5,"b:54:4:54:Infinity:undefined:undefined:undefined:undefined":0,"s:54:4:54:Infinity":6,"s:54:16:54:Infinity":7,"s:55:20:55:Infinity":8,"b:56:4:59:Infinity:undefined:undefined:undefined:undefined":1,"s:56:4:59:Infinity":9,"s:57:6:57:Infinity":10,"s:58:6:58:Infinity":11,"s:63:18:63:Infinity":12,"f:65:22:65:31":1,"b:66:2:66:Infinity:undefined:undefined:undefined:undefined":2,"s:66:2:66:Infinity":13,"s:66:19:66:Infinity":14,"s:67:2:67:Infinity":15,"s:68:2:68:Infinity":16,"s:71:28:86:Infinity":17,"f:72:11:72:18":2,"s:73:4:77:Infinity":18,"s:74:19:74:Infinity":19,"b:75:6:75:Infinity:undefined:undefined:undefined:undefined":3,"s:75:6:75:Infinity":20,"s:75:16:75:Infinity":21,"s:78:4:78:Infinity":22,"f:80:11:80:18":3,"s:81:4:81:Infinity":23,"f:83:14:83:21":4,"s:84:4:84:Infinity":24,"f:88:16:88:24":5,"s:89:2:89:Infinity":25,"s:92:18:92:Infinity":26},"fnNames":{}}}
,"C:\\Users\\phanb\\Documents\\antigravity\\brave-davinci\\src\\lib\\syncProcessor.ts": {"path":"C:\\Users\\phanb\\Documents\\antigravity\\brave-davinci\\src\\lib\\syncProcessor.ts","statementMap":{"0":{"start":{"line":3,"column":20},"end":{"line":3,"column":null}},"1":{"start":{"line":26,"column":8},"end":{"line":26,"column":null}},"2":{"start":{"line":27,"column":8},"end":{"line":27,"column":null}},"3":{"start":{"line":28,"column":18},"end":{"line":28,"column":null}},"4":{"start":{"line":29,"column":15},"end":{"line":29,"column":null}},"5":{"start":{"line":30,"column":19},"end":{"line":30,"column":null}},"6":{"start":{"line":31,"column":21},"end":{"line":31,"column":null}},"7":{"start":{"line":33,"column":2},"end":{"line":92,"column":null}},"8":{"start":{"line":34,"column":4},"end":{"line":64,"column":null}},"9":{"start":{"line":36,"column":8},"end":{"line":42,"column":null}},"10":{"start":{"line":37,"column":10},"end":{"line":37,"column":null}},"11":{"start":{"line":38,"column":15},"end":{"line":42,"column":null}},"12":{"start":{"line":39,"column":10},"end":{"line":39,"column":null}},"13":{"start":{"line":40,"column":15},"end":{"line":42,"column":null}},"14":{"start":{"line":41,"column":10},"end":{"line":41,"column":null}},"15":{"start":{"line":43,"column":8},"end":{"line":43,"column":null}},"16":{"start":{"line":46,"column":8},"end":{"line":46,"column":null}},"17":{"start":{"line":47,"column":8},"end":{"line":47,"column":null}},"18":{"start":{"line":50,"column":8},"end":{"line":50,"column":null}},"19":{"start":{"line":51,"column":8},"end":{"line":51,"column":null}},"20":{"start":{"line":55,"column":8},"end":{"line":59,"column":null}},"21":{"start":{"line":56,"column":10},"end":{"line":56,"column":null}},"22":{"start":{"line":57,"column":15},"end":{"line":59,"column":null}},"23":{"start":{"line":58,"column":10},"end":{"line":58,"column":null}},"24":{"start":{"line":60,"column":8},"end":{"line":60,"column":null}},"25":{"start":{"line":63,"column":8},"end":{"line":63,"column":null}},"26":{"start":{"line":66,"column":4},"end":{"line":66,"column":null}},"27":{"start":{"line":68,"column":4},"end":{"line":70,"column":null}},"28":{"start":{"line":69,"column":6},"end":{"line":69,"column":null}},"29":{"start":{"line":72,"column":4},"end":{"line":87,"column":null}},"30":{"start":{"line":73,"column":6},"end":{"line":75,"column":null}},"31":{"start":{"line":74,"column":8},"end":{"line":74,"column":null}},"32":{"start":{"line":76,"column":6},"end":{"line":78,"column":null}},"33":{"start":{"line":77,"column":8},"end":{"line":77,"column":null}},"34":{"start":{"line":79,"column":6},"end":{"line":81,"column":null}},"35":{"start":{"line":80,"column":8},"end":{"line":80,"column":null}},"36":{"start":{"line":82,"column":6},"end":{"line":86,"column":null}},"37":{"start":{"line":83,"column":8},"end":{"line":85,"column":null}},"38":{"start":{"line":89,"column":4},"end":{"line":91,"column":null}},"39":{"start":{"line":95,"column":32},"end":{"line":95,"column":null}},"40":{"start":{"line":98,"column":15},"end":{"line":98,"column":null}},"41":{"start":{"line":99,"column":16},"end":{"line":99,"column":null}},"42":{"start":{"line":100,"column":2},"end":{"line":100,"column":null}},"43":{"start":{"line":104,"column":2},"end":{"line":104,"column":null}},"44":{"start":{"line":111,"column":2},"end":{"line":111,"column":null}},"45":{"start":{"line":111,"column":19},"end":{"line":111,"column":null}},"46":{"start":{"line":113,"column":2},"end":{"line":124,"column":null}},"47":{"start":{"line":115,"column":6},"end":{"line":115,"column":null}},"48":{"start":{"line":117,"column":6},"end":{"line":117,"column":null}},"49":{"start":{"line":119,"column":6},"end":{"line":119,"column":null}},"50":{"start":{"line":121,"column":6},"end":{"line":121,"column":null}},"51":{"start":{"line":123,"column":6},"end":{"line":123,"column":null}},"52":{"start":{"line":128,"column":2},"end":{"line":139,"column":null}},"53":{"start":{"line":130,"column":6},"end":{"line":130,"column":null}},"54":{"start":{"line":132,"column":6},"end":{"line":132,"column":null}},"55":{"start":{"line":134,"column":6},"end":{"line":134,"column":null}},"56":{"start":{"line":136,"column":6},"end":{"line":136,"column":null}},"57":{"start":{"line":138,"column":6},"end":{"line":138,"column":null}}},"fnMap":{"0":{"name":"processSyncQueueItem","decl":{"start":{"line":25,"column":22},"end":{"line":25,"column":43}},"loc":{"start":{"line":25,"column":87},"end":{"line":93,"column":null}},"line":25},"1":{"name":"getBackoffMs","decl":{"start":{"line":97,"column":16},"end":{"line":97,"column":29}},"loc":{"start":{"line":97,"column":57},"end":{"line":101,"column":null}},"line":97},"2":{"name":"isNetworkError","decl":{"start":{"line":103,"column":16},"end":{"line":103,"column":31}},"loc":{"start":{"line":103,"column":54},"end":{"line":105,"column":null}},"line":103},"3":{"name":"deltaSync","decl":{"start":{"line":110,"column":22},"end":{"line":110,"column":32}},"loc":{"start":{"line":110,"column":91},"end":{"line":125,"column":null}},"line":110},"4":{"name":"fullSyncEntity","decl":{"start":{"line":127,"column":22},"end":{"line":127,"column":37}},"loc":{"start":{"line":127,"column":69},"end":{"line":140,"column":null}},"line":127}},"branchMap":{"0":{"loc":{"start":{"line":26,"column":22},"end":{"line":26,"column":71}},"type":"binary-expr","locations":[{"start":{"line":26,"column":22},"end":{"line":26,"column":41}},{"start":{"line":26,"column":41},"end":{"line":26,"column":54}},{"start":{"line":26,"column":54},"end":{"line":26,"column":69}},{"start":{"line":26,"column":69},"end":{"line":26,"column":71}}],"line":26},"1":{"loc":{"start":{"line":27,"column":18},"end":{"line":27,"column":53}},"type":"binary-expr","locations":[{"start":{"line":27,"column":18},"end":{"line":27,"column":33}},{"start":{"line":27,"column":33},"end":{"line":27,"column":51}},{"start":{"line":27,"column":51},"end":{"line":27,"column":53}}],"line":27},"2":{"loc":{"start":{"line":28,"column":18},"end":{"line":28,"column":null}},"type":"binary-expr","locations":[{"start":{"line":28,"column":18},"end":{"line":28,"column":31}},{"start":{"line":28,"column":31},"end":{"line":28,"column":47}},{"start":{"line":28,"column":47},"end":{"line":28,"column":null}}],"line":28},"3":{"loc":{"start":{"line":29,"column":15},"end":{"line":29,"column":null}},"type":"cond-expr","locations":[{"start":{"line":29,"column":45},"end":{"line":29,"column":67}},{"start":{"line":29,"column":67},"end":{"line":29,"column":null}}],"line":29},"4":{"loc":{"start":{"line":30,"column":19},"end":{"line":30,"column":null}},"type":"binary-expr","locations":[{"start":{"line":30,"column":19},"end":{"line":30,"column":36}},{"start":{"line":30,"column":36},"end":{"line":30,"column":47}},{"start":{"line":30,"column":47},"end":{"line":30,"column":58}},{"start":{"line":30,"column":58},"end":{"line":30,"column":null}}],"line":30},"5":{"loc":{"start":{"line":31,"column":21},"end":{"line":31,"column":null}},"type":"binary-expr","locations":[{"start":{"line":31,"column":21},"end":{"line":31,"column":40}},{"start":{"line":31,"column":40},"end":{"line":31,"column":null}}],"line":31},"6":{"loc":{"start":{"line":34,"column":4},"end":{"line":64,"column":null}},"type":"switch","locations":[{"start":{"line":35,"column":6},"end":{"line":43,"column":null}},{"start":{"line":45,"column":6},"end":{"line":47,"column":null}},{"start":{"line":49,"column":6},"end":{"line":51,"column":null}},{"start":{"line":53,"column":6},"end":{"line":53,"column":null}},{"start":{"line":54,"column":6},"end":{"line":60,"column":null}},{"start":{"line":62,"column":6},"end":{"line":63,"column":null}}],"line":34},"7":{"loc":{"start":{"line":36,"column":8},"end":{"line":42,"column":null}},"type":"if","locations":[{"start":{"line":36,"column":8},"end":{"line":42,"column":null}},{"start":{"line":38,"column":15},"end":{"line":42,"column":null}}],"line":36},"8":{"loc":{"start":{"line":38,"column":15},"end":{"line":42,"column":null}},"type":"if","locations":[{"start":{"line":38,"column":15},"end":{"line":42,"column":null}},{"start":{"line":40,"column":15},"end":{"line":42,"column":null}}],"line":38},"9":{"loc":{"start":{"line":40,"column":15},"end":{"line":42,"column":null}},"type":"if","locations":[{"start":{"line":40,"column":15},"end":{"line":42,"column":null}},{"start":{},"end":{}}],"line":40},"10":{"loc":{"start":{"line":55,"column":8},"end":{"line":59,"column":null}},"type":"if","locations":[{"start":{"line":55,"column":8},"end":{"line":59,"column":null}},{"start":{"line":57,"column":15},"end":{"line":59,"column":null}}],"line":55},"11":{"loc":{"start":{"line":57,"column":15},"end":{"line":59,"column":null}},"type":"if","locations":[{"start":{"line":57,"column":15},"end":{"line":59,"column":null}},{"start":{},"end":{}}],"line":57},"12":{"loc":{"start":{"line":68,"column":4},"end":{"line":70,"column":null}},"type":"if","locations":[{"start":{"line":68,"column":4},"end":{"line":70,"column":null}},{"start":{},"end":{}}],"line":68},"13":{"loc":{"start":{"line":72,"column":4},"end":{"line":87,"column":null}},"type":"if","locations":[{"start":{"line":72,"column":4},"end":{"line":87,"column":null}},{"start":{},"end":{}}],"line":72},"14":{"loc":{"start":{"line":73,"column":6},"end":{"line":75,"column":null}},"type":"if","locations":[{"start":{"line":73,"column":6},"end":{"line":75,"column":null}},{"start":{},"end":{}}],"line":73},"15":{"loc":{"start":{"line":76,"column":6},"end":{"line":78,"column":null}},"type":"if","locations":[{"start":{"line":76,"column":6},"end":{"line":78,"column":null}},{"start":{},"end":{}}],"line":76},"16":{"loc":{"start":{"line":79,"column":6},"end":{"line":81,"column":null}},"type":"if","locations":[{"start":{"line":79,"column":6},"end":{"line":81,"column":null}},{"start":{},"end":{}}],"line":79},"17":{"loc":{"start":{"line":79,"column":10},"end":{"line":79,"column":49}},"type":"binary-expr","locations":[{"start":{"line":79,"column":10},"end":{"line":79,"column":31}},{"start":{"line":79,"column":31},"end":{"line":79,"column":49}}],"line":79},"18":{"loc":{"start":{"line":82,"column":6},"end":{"line":86,"column":null}},"type":"if","locations":[{"start":{"line":82,"column":6},"end":{"line":86,"column":null}},{"start":{},"end":{}}],"line":82},"19":{"loc":{"start":{"line":83,"column":15},"end":{"line":85,"column":null}},"type":"cond-expr","locations":[{"start":{"line":84,"column":12},"end":{"line":84,"column":null}},{"start":{"line":85,"column":12},"end":{"line":85,"column":null}}],"line":83},"20":{"loc":{"start":{"line":89,"column":11},"end":{"line":91,"column":null}},"type":"cond-expr","locations":[{"start":{"line":90,"column":8},"end":{"line":90,"column":null}},{"start":{"line":91,"column":8},"end":{"line":91,"column":null}}],"line":89},"21":{"loc":{"start":{"line":104,"column":9},"end":{"line":104,"column":null}},"type":"binary-expr","locations":[{"start":{"line":104,"column":9},"end":{"line":104,"column":37}},{"start":{"line":104,"column":37},"end":{"line":104,"column":null}}],"line":104},"22":{"loc":{"start":{"line":111,"column":2},"end":{"line":111,"column":null}},"type":"if","locations":[{"start":{"line":111,"column":2},"end":{"line":111,"column":null}},{"start":{},"end":{}}],"line":111},"23":{"loc":{"start":{"line":113,"column":2},"end":{"line":124,"column":null}},"type":"switch","locations":[{"start":{"line":114,"column":4},"end":{"line":115,"column":null}},{"start":{"line":116,"column":4},"end":{"line":117,"column":null}},{"start":{"line":118,"column":4},"end":{"line":119,"column":null}},{"start":{"line":120,"column":4},"end":{"line":121,"column":null}},{"start":{"line":122,"column":4},"end":{"line":123,"column":null}}],"line":113},"24":{"loc":{"start":{"line":128,"column":2},"end":{"line":139,"column":null}},"type":"switch","locations":[{"start":{"line":129,"column":4},"end":{"line":130,"column":null}},{"start":{"line":131,"column":4},"end":{"line":132,"column":null}},{"start":{"line":133,"column":4},"end":{"line":134,"column":null}},{"start":{"line":135,"column":4},"end":{"line":136,"column":null}},{"start":{"line":137,"column":4},"end":{"line":138,"column":null}}],"line":128}},"s":{"0":1,"1":13,"2":13,"3":13,"4":13,"5":13,"6":13,"7":13,"8":13,"9":11,"10":2,"11":9,"12":8,"13":1,"14":1,"15":5,"16":1,"17":1,"18":1,"19":1,"20":0,"21":0,"22":0,"23":0,"24":0,"25":0,"26":7,"27":6,"28":0,"29":6,"30":6,"31":1,"32":5,"33":1,"34":4,"35":3,"36":1,"37":1,"38":0,"39":1,"40":5,"41":5,"42":5,"43":6,"44":0,"45":0,"46":0,"47":0,"48":0,"49":0,"50":0,"51":0,"52":0,"53":0,"54":0,"55":0,"56":0,"57":0},"f":{"0":13,"1":5,"2":6,"3":0,"4":0},"b":{"0":[13,13,13,0],"1":[13,13,0],"2":[13,13,0],"3":[13,0],"4":[13,0,0,0],"5":[13,13],"6":[11,1,1,0,0,0],"7":[2,9],"8":[8,1],"9":[1,0],"10":[0,0],"11":[0,0],"12":[0,6],"13":[6,0],"14":[1,5],"15":[1,4],"16":[3,1],"17":[4,4],"18":[1,0],"19":[1,0],"20":[0,0],"21":[6,0],"22":[0,0],"23":[0,0,0,0,0],"24":[0,0,0,0,0]},"meta":{"lastBranch":25,"lastFunction":5,"lastStatement":58,"seen":{"s:3:20:3:Infinity":0,"f:25:22:25:43":0,"s:26:8:26:Infinity":1,"b:26:22:26:41:26:41:26:54:26:54:26:69:26:69:26:71":0,"s:27:8:27:Infinity":2,"b:27:18:27:33:27:33:27:51:27:51:27:53":1,"s:28:18:28:Infinity":3,"b:28:18:28:31:28:31:28:47:28:47:28:Infinity":2,"s:29:15:29:Infinity":4,"b:29:45:29:67:29:67:29:Infinity":3,"s:30:19:30:Infinity":5,"b:30:19:30:36:30:36:30:47:30:47:30:58:30:58:30:Infinity":4,"s:31:21:31:Infinity":6,"b:31:21:31:40:31:40:31:Infinity":5,"s:33:2:92:Infinity":7,"b:35:6:43:Infinity:45:6:47:Infinity:49:6:51:Infinity:53:6:53:Infinity:54:6:60:Infinity:62:6:63:Infinity":6,"s:34:4:64:Infinity":8,"b:36:8:42:Infinity:38:15:42:Infinity":7,"s:36:8:42:Infinity":9,"s:37:10:37:Infinity":10,"b:38:15:42:Infinity:40:15:42:Infinity":8,"s:38:15:42:Infinity":11,"s:39:10:39:Infinity":12,"b:40:15:42:Infinity:undefined:undefined:undefined:undefined":9,"s:40:15:42:Infinity":13,"s:41:10:41:Infinity":14,"s:43:8:43:Infinity":15,"s:46:8:46:Infinity":16,"s:47:8:47:Infinity":17,"s:50:8:50:Infinity":18,"s:51:8:51:Infinity":19,"b:55:8:59:Infinity:57:15:59:Infinity":10,"s:55:8:59:Infinity":20,"s:56:10:56:Infinity":21,"b:57:15:59:Infinity:undefined:undefined:undefined:undefined":11,"s:57:15:59:Infinity":22,"s:58:10:58:Infinity":23,"s:60:8:60:Infinity":24,"s:63:8:63:Infinity":25,"s:66:4:66:Infinity":26,"b:68:4:70:Infinity:undefined:undefined:undefined:undefined":12,"s:68:4:70:Infinity":27,"s:69:6:69:Infinity":28,"b:72:4:87:Infinity:undefined:undefined:undefined:undefined":13,"s:72:4:87:Infinity":29,"b:73:6:75:Infinity:undefined:undefined:undefined:undefined":14,"s:73:6:75:Infinity":30,"s:74:8:74:Infinity":31,"b:76:6:78:Infinity:undefined:undefined:undefined:undefined":15,"s:76:6:78:Infinity":32,"s:77:8:77:Infinity":33,"b:79:6:81:Infinity:undefined:undefined:undefined:undefined":16,"s:79:6:81:Infinity":34,"b:79:10:79:31:79:31:79:49":17,"s:80:8:80:Infinity":35,"b:82:6:86:Infinity:undefined:undefined:undefined:undefined":18,"s:82:6:86:Infinity":36,"s:83:8:85:Infinity":37,"b:84:12:84:Infinity:85:12:85:Infinity":19,"s:89:4:91:Infinity":38,"b:90:8:90:Infinity:91:8:91:Infinity":20,"s:95:32:95:Infinity":39,"f:97:16:97:29":1,"s:98:15:98:Infinity":40,"s:99:16:99:Infinity":41,"s:100:2:100:Infinity":42,"f:103:16:103:31":2,"s:104:2:104:Infinity":43,"b:104:9:104:37:104:37:104:Infinity":21,"f:110:22:110:32":3,"b:111:2:111:Infinity:undefined:undefined:undefined:undefined":22,"s:111:2:111:Infinity":44,"s:111:19:111:Infinity":45,"b:114:4:115:Infinity:116:4:117:Infinity:118:4:119:Infinity:120:4:121:Infinity:122:4:123:Infinity":23,"s:113:2:124:Infinity":46,"s:115:6:115:Infinity":47,"s:117:6:117:Infinity":48,"s:119:6:119:Infinity":49,"s:121:6:121:Infinity":50,"s:123:6:123:Infinity":51,"f:127:22:127:37":4,"b:129:4:130:Infinity:131:4:132:Infinity:133:4:134:Infinity:135:4:136:Infinity:137:4:138:Infinity":24,"s:128:2:139:Infinity":52,"s:130:6:130:Infinity":53,"s:132:6:132:Infinity":54,"s:134:6:134:Infinity":55,"s:136:6:136:Infinity":56,"s:138:6:138:Infinity":57},"fnNames":{}}}
,"C:\\Users\\phanb\\Documents\\antigravity\\brave-davinci\\src\\lib\\syncService.ts": {"path":"C:\\Users\\phanb\\Documents\\antigravity\\brave-davinci\\src\\lib\\syncService.ts","statementMap":{"0":{"start":{"line":8,"column":2},"end":{"line":13,"column":null}},"1":{"start":{"line":18,"column":2},"end":{"line":18,"column":null}},"2":{"start":{"line":22,"column":2},"end":{"line":22,"column":null}},"3":{"start":{"line":26,"column":2},"end":{"line":26,"column":null}},"4":{"start":{"line":31,"column":2},"end":{"line":31,"column":null}},"5":{"start":{"line":35,"column":2},"end":{"line":37,"column":null}},"6":{"start":{"line":36,"column":4},"end":{"line":36,"column":null}},"7":{"start":{"line":42,"column":19},"end":{"line":42,"column":null}},"8":{"start":{"line":43,"column":2},"end":{"line":43,"column":null}},"9":{"start":{"line":51,"column":2},"end":{"line":53,"column":null}},"10":{"start":{"line":52,"column":4},"end":{"line":52,"column":null}}},"fnMap":{"0":{"name":"enqueue","decl":{"start":{"line":7,"column":9},"end":{"line":7,"column":17}},"loc":{"start":{"line":7,"column":107},"end":{"line":14,"column":null}},"line":7},"1":{"name":"syncCreateStudent","decl":{"start":{"line":17,"column":16},"end":{"line":17,"column":34}},"loc":{"start":{"line":17,"column":65},"end":{"line":19,"column":null}},"line":17},"2":{"name":"syncUpdateStudent","decl":{"start":{"line":21,"column":16},"end":{"line":21,"column":34}},"loc":{"start":{"line":21,"column":77},"end":{"line":23,"column":null}},"line":21},"3":{"name":"syncDeleteStudent","decl":{"start":{"line":25,"column":16},"end":{"line":25,"column":34}},"loc":{"start":{"line":25,"column":46},"end":{"line":27,"column":null}},"line":25},"4":{"name":"syncUpsertGrade","decl":{"start":{"line":30,"column":16},"end":{"line":30,"column":32}},"loc":{"start":{"line":30,"column":63},"end":{"line":32,"column":null}},"line":30},"5":{"name":"syncBatchUpsertGrades","decl":{"start":{"line":34,"column":16},"end":{"line":34,"column":38}},"loc":{"start":{"line":34,"column":75},"end":{"line":38,"column":null}},"line":34},"6":{"name":"syncSaveAttendance","decl":{"start":{"line":41,"column":16},"end":{"line":41,"column":35}},"loc":{"start":{"line":41,"column":66},"end":{"line":44,"column":null}},"line":41},"7":{"name":"syncBatchSaveAttendance","decl":{"start":{"line":46,"column":16},"end":{"line":46,"column":null}},"loc":{"start":{"line":50,"column":2},"end":{"line":54,"column":null}},"line":50}},"branchMap":{"0":{"loc":{"start":{"line":31,"column":29},"end":{"line":31,"column":76}},"type":"binary-expr","locations":[{"start":{"line":31,"column":29},"end":{"line":31,"column":50}},{"start":{"line":31,"column":50},"end":{"line":31,"column":76}}],"line":31},"1":{"loc":{"start":{"line":42,"column":19},"end":{"line":42,"column":null}},"type":"binary-expr","locations":[{"start":{"line":42,"column":19},"end":{"line":42,"column":40}},{"start":{"line":42,"column":40},"end":{"line":42,"column":null}}],"line":42}},"s":{"0":30,"1":9,"2":10,"3":5,"4":3,"5":1,"6":2,"7":3,"8":3,"9":1,"10":2},"f":{"0":30,"1":9,"2":10,"3":5,"4":3,"5":1,"6":3,"7":1},"b":{"0":[3,0],"1":[3,3]},"meta":{"lastBranch":2,"lastFunction":8,"lastStatement":11,"seen":{"f:7:9:7:17":0,"s:8:2:13:Infinity":0,"f:17:16:17:34":1,"s:18:2:18:Infinity":1,"f:21:16:21:34":2,"s:22:2:22:Infinity":2,"f:25:16:25:34":3,"s:26:2:26:Infinity":3,"f:30:16:30:32":4,"s:31:2:31:Infinity":4,"b:31:29:31:50:31:50:31:76":0,"f:34:16:34:38":5,"s:35:2:37:Infinity":5,"s:36:4:36:Infinity":6,"f:41:16:41:35":6,"s:42:19:42:Infinity":7,"b:42:19:42:40:42:40:42:Infinity":1,"s:43:2:43:Infinity":8,"f:46:16:46:Infinity":7,"s:51:2:53:Infinity":9,"s:52:4:52:Infinity":10},"fnNames":{}}}
,"C:\\Users\\phanb\\Documents\\antigravity\\brave-davinci\\src\\stores\\syncStore.ts": {"path":"C:\\Users\\phanb\\Documents\\antigravity\\brave-davinci\\src\\stores\\syncStore.ts","statementMap":{"0":{"start":{"line":29,"column":2},"end":{"line":38,"column":null}},"1":{"start":{"line":30,"column":13},"end":{"line":30,"column":null}},"2":{"start":{"line":31,"column":4},"end":{"line":34,"column":null}},"3":{"start":{"line":32,"column":6},"end":{"line":32,"column":null}},"4":{"start":{"line":33,"column":6},"end":{"line":33,"column":null}},"5":{"start":{"line":35,"column":4},"end":{"line":35,"column":null}},"6":{"start":{"line":37,"column":4},"end":{"line":37,"column":null}},"7":{"start":{"line":41,"column":28},"end":{"line":174,"column":null}},"8":{"start":{"line":41,"column":61},"end":{"line":174,"column":2}},"9":{"start":{"line":49,"column":4},"end":{"line":49,"column":null}},"10":{"start":{"line":51,"column":25},"end":{"line":51,"column":null}},"11":{"start":{"line":52,"column":24},"end":{"line":52,"column":null}},"12":{"start":{"line":53,"column":25},"end":{"line":53,"column":null}},"13":{"start":{"line":56,"column":4},"end":{"line":66,"column":null}},"14":{"start":{"line":57,"column":17},"end":{"line":57,"column":23}},"15":{"start":{"line":58,"column":20},"end":{"line":61,"column":null}},"16":{"start":{"line":62,"column":6},"end":{"line":62,"column":null}},"17":{"start":{"line":63,"column":6},"end":{"line":63,"column":null}},"18":{"start":{"line":65,"column":6},"end":{"line":65,"column":null}},"19":{"start":{"line":70,"column":15},"end":{"line":70,"column":21}},"20":{"start":{"line":71,"column":4},"end":{"line":74,"column":null}},"21":{"start":{"line":78,"column":15},"end":{"line":78,"column":null}},"22":{"start":{"line":79,"column":16},"end":{"line":79,"column":null}},"23":{"start":{"line":80,"column":32},"end":{"line":89,"column":null}},"24":{"start":{"line":90,"column":4},"end":{"line":90,"column":null}},"25":{"start":{"line":91,"column":4},"end":{"line":91,"column":null}},"26":{"start":{"line":92,"column":4},"end":{"line":92,"column":null}},"27":{"start":{"line":96,"column":4},"end":{"line":96,"column":null}},"28":{"start":{"line":100,"column":4},"end":{"line":100,"column":null}},"29":{"start":{"line":101,"column":4},"end":{"line":101,"column":null}},"30":{"start":{"line":105,"column":15},"end":{"line":105,"column":21}},"31":{"start":{"line":106,"column":20},"end":{"line":109,"column":null}},"32":{"start":{"line":112,"column":19},"end":{"line":112,"column":null}},"33":{"start":{"line":113,"column":4},"end":{"line":117,"column":null}},"34":{"start":{"line":114,"column":18},"end":{"line":114,"column":null}},"35":{"start":{"line":115,"column":6},"end":{"line":115,"column":null}},"36":{"start":{"line":115,"column":28},"end":{"line":115,"column":null}},"37":{"start":{"line":116,"column":6},"end":{"line":116,"column":null}},"38":{"start":{"line":119,"column":31},"end":{"line":119,"column":null}},"39":{"start":{"line":120,"column":63},"end":{"line":120,"column":null}},"40":{"start":{"line":122,"column":4},"end":{"line":159,"column":null}},"41":{"start":{"line":123,"column":6},"end":{"line":123,"column":null}},"42":{"start":{"line":123,"column":27},"end":{"line":123,"column":null}},"43":{"start":{"line":125,"column":24},"end":{"line":125,"column":null}},"44":{"start":{"line":125,"column":40},"end":{"line":125,"column":64}},"45":{"start":{"line":126,"column":24},"end":{"line":126,"column":null}},"46":{"start":{"line":126,"column":40},"end":{"line":126,"column":64}},"47":{"start":{"line":127,"column":21},"end":{"line":127,"column":null}},"48":{"start":{"line":129,"column":6},"end":{"line":132,"column":null}},"49":{"start":{"line":130,"column":8},"end":{"line":130,"column":null}},"50":{"start":{"line":130,"column":40},"end":{"line":130,"column":44}},"51":{"start":{"line":131,"column":8},"end":{"line":131,"column":null}},"52":{"start":{"line":134,"column":6},"end":{"line":137,"column":null}},"53":{"start":{"line":135,"column":8},"end":{"line":135,"column":null}},"54":{"start":{"line":135,"column":43},"end":{"line":135,"column":67}},"55":{"start":{"line":135,"column":80},"end":{"line":135,"column":84}},"56":{"start":{"line":136,"column":8},"end":{"line":136,"column":null}},"57":{"start":{"line":139,"column":6},"end":{"line":155,"column":null}},"58":{"start":{"line":140,"column":25},"end":{"line":140,"column":null}},"59":{"start":{"line":140,"column":41},"end":{"line":140,"column":65}},"60":{"start":{"line":141,"column":23},"end":{"line":148,"column":null}},"61":{"start":{"line":142,"column":10},"end":{"line":147,"column":null}},"62":{"start":{"line":143,"column":27},"end":{"line":143,"column":null}},"63":{"start":{"line":144,"column":12},"end":{"line":144,"column":null}},"64":{"start":{"line":146,"column":12},"end":{"line":146,"column":null}},"65":{"start":{"line":149,"column":8},"end":{"line":149,"column":null}},"66":{"start":{"line":149,"column":43},"end":{"line":149,"column":63}},"67":{"start":{"line":149,"column":76},"end":{"line":149,"column":80}},"68":{"start":{"line":150,"column":8},"end":{"line":153,"column":null}},"69":{"start":{"line":154,"column":8},"end":{"line":154,"column":null}},"70":{"start":{"line":158,"column":6},"end":{"line":158,"column":null}},"71":{"start":{"line":158,"column":41},"end":{"line":158,"column":59}},"72":{"start":{"line":158,"column":72},"end":{"line":158,"column":76}},"73":{"start":{"line":161,"column":4},"end":{"line":163,"column":null}},"74":{"start":{"line":162,"column":6},"end":{"line":162,"column":null}},"75":{"start":{"line":164,"column":4},"end":{"line":166,"column":null}},"76":{"start":{"line":165,"column":6},"end":{"line":165,"column":null}},"77":{"start":{"line":168,"column":4},"end":{"line":168,"column":null}},"78":{"start":{"line":172,"column":4},"end":{"line":172,"column":null}}},"fnMap":{"0":{"name":"getOrCreateDeviceId","decl":{"start":{"line":28,"column":9},"end":{"line":28,"column":39}},"loc":{"start":{"line":28,"column":39},"end":{"line":39,"column":null}},"line":28},"1":{"name":"(anonymous_1)","decl":{"start":{"line":41,"column":28},"end":{"line":41,"column":47}},"loc":{"start":{"line":41,"column":61},"end":{"line":174,"column":2}},"line":41},"2":{"name":"(anonymous_2)","decl":{"start":{"line":48,"column":2},"end":{"line":48,"column":20}},"loc":{"start":{"line":48,"column":20},"end":{"line":50,"column":null}},"line":48},"3":{"name":"(anonymous_3)","decl":{"start":{"line":51,"column":2},"end":{"line":51,"column":14}},"loc":{"start":{"line":51,"column":25},"end":{"line":51,"column":null}},"line":51},"4":{"name":"(anonymous_4)","decl":{"start":{"line":52,"column":2},"end":{"line":52,"column":16}},"loc":{"start":{"line":52,"column":24},"end":{"line":52,"column":null}},"line":52},"5":{"name":"(anonymous_5)","decl":{"start":{"line":53,"column":2},"end":{"line":53,"column":17}},"loc":{"start":{"line":53,"column":25},"end":{"line":53,"column":null}},"line":53},"6":{"name":"(anonymous_6)","decl":{"start":{"line":55,"column":16},"end":{"line":55,"column":28}},"loc":{"start":{"line":55,"column":28},"end":{"line":67,"column":null}},"line":55},"7":{"name":"(anonymous_7)","decl":{"start":{"line":69,"column":17},"end":{"line":69,"column":29}},"loc":{"start":{"line":69,"column":29},"end":{"line":75,"column":null}},"line":69},"8":{"name":"(anonymous_8)","decl":{"start":{"line":77,"column":9},"end":{"line":77,"column":16}},"loc":{"start":{"line":77,"column":23},"end":{"line":93,"column":null}},"line":77},"9":{"name":"(anonymous_9)","decl":{"start":{"line":95,"column":12},"end":{"line":95,"column":19}},"loc":{"start":{"line":95,"column":35},"end":{"line":97,"column":null}},"line":95},"10":{"name":"(anonymous_10)","decl":{"start":{"line":99,"column":12},"end":{"line":99,"column":19}},"loc":{"start":{"line":99,"column":26},"end":{"line":102,"column":null}},"line":99},"11":{"name":"(anonymous_11)","decl":{"start":{"line":104,"column":16},"end":{"line":104,"column":28}},"loc":{"start":{"line":104,"column":28},"end":{"line":169,"column":null}},"line":104},"12":{"name":"(anonymous_12)","decl":{"start":{"line":125,"column":28},"end":{"line":125,"column":34}},"loc":{"start":{"line":125,"column":40},"end":{"line":125,"column":64}},"line":125},"13":{"name":"(anonymous_13)","decl":{"start":{"line":126,"column":28},"end":{"line":126,"column":34}},"loc":{"start":{"line":126,"column":40},"end":{"line":126,"column":64}},"line":126},"14":{"name":"(anonymous_14)","decl":{"start":{"line":130,"column":29},"end":{"line":130,"column":34}},"loc":{"start":{"line":130,"column":40},"end":{"line":130,"column":44}},"line":130},"15":{"name":"(anonymous_15)","decl":{"start":{"line":135,"column":29},"end":{"line":135,"column":37}},"loc":{"start":{"line":135,"column":43},"end":{"line":135,"column":67}},"line":135},"16":{"name":"(anonymous_16)","decl":{"start":{"line":135,"column":69},"end":{"line":135,"column":74}},"loc":{"start":{"line":135,"column":80},"end":{"line":135,"column":84}},"line":135},"17":{"name":"(anonymous_17)","decl":{"start":{"line":140,"column":29},"end":{"line":140,"column":35}},"loc":{"start":{"line":140,"column":41},"end":{"line":140,"column":65}},"line":140},"18":{"name":"(anonymous_18)","decl":{"start":{"line":141,"column":27},"end":{"line":141,"column":35}},"loc":{"start":{"line":141,"column":46},"end":{"line":148,"column":11}},"line":141},"19":{"name":"(anonymous_19)","decl":{"start":{"line":149,"column":29},"end":{"line":149,"column":37}},"loc":{"start":{"line":149,"column":43},"end":{"line":149,"column":63}},"line":149},"20":{"name":"(anonymous_20)","decl":{"start":{"line":149,"column":65},"end":{"line":149,"column":70}},"loc":{"start":{"line":149,"column":76},"end":{"line":149,"column":80}},"line":149},"21":{"name":"(anonymous_21)","decl":{"start":{"line":158,"column":27},"end":{"line":158,"column":35}},"loc":{"start":{"line":158,"column":41},"end":{"line":158,"column":59}},"line":158},"22":{"name":"(anonymous_22)","decl":{"start":{"line":158,"column":61},"end":{"line":158,"column":66}},"loc":{"start":{"line":158,"column":72},"end":{"line":158,"column":76}},"line":158},"23":{"name":"(anonymous_23)","decl":{"start":{"line":171,"column":18},"end":{"line":171,"column":30}},"loc":{"start":{"line":171,"column":30},"end":{"line":173,"column":null}},"line":171}},"branchMap":{"0":{"loc":{"start":{"line":31,"column":4},"end":{"line":34,"column":null}},"type":"if","locations":[{"start":{"line":31,"column":4},"end":{"line":34,"column":null}},{"start":{},"end":{}}],"line":31},"1":{"loc":{"start":{"line":115,"column":6},"end":{"line":115,"column":null}},"type":"if","locations":[{"start":{"line":115,"column":6},"end":{"line":115,"column":null}},{"start":{},"end":{}}],"line":115},"2":{"loc":{"start":{"line":123,"column":6},"end":{"line":123,"column":null}},"type":"if","locations":[{"start":{"line":123,"column":6},"end":{"line":123,"column":null}},{"start":{},"end":{}}],"line":123},"3":{"loc":{"start":{"line":129,"column":6},"end":{"line":132,"column":null}},"type":"if","locations":[{"start":{"line":129,"column":6},"end":{"line":132,"column":null}},{"start":{},"end":{}}],"line":129},"4":{"loc":{"start":{"line":129,"column":10},"end":{"line":129,"column":34}},"type":"binary-expr","locations":[{"start":{"line":129,"column":10},"end":{"line":129,"column":23}},{"start":{"line":129,"column":23},"end":{"line":129,"column":34}}],"line":129},"5":{"loc":{"start":{"line":134,"column":6},"end":{"line":137,"column":null}},"type":"if","locations":[{"start":{"line":134,"column":6},"end":{"line":137,"column":null}},{"start":{},"end":{}}],"line":134},"6":{"loc":{"start":{"line":139,"column":6},"end":{"line":155,"column":null}},"type":"if","locations":[{"start":{"line":139,"column":6},"end":{"line":155,"column":null}},{"start":{},"end":{}}],"line":139},"7":{"loc":{"start":{"line":143,"column":27},"end":{"line":143,"column":null}},"type":"cond-expr","locations":[{"start":{"line":143,"column":59},"end":{"line":143,"column":83}},{"start":{"line":143,"column":83},"end":{"line":143,"column":null}}],"line":143}},"s":{"0":27,"1":27,"2":27,"3":1,"4":1,"5":27,"6":0,"7":1,"8":1,"9":26,"10":26,"11":26,"12":26,"13":78,"14":78,"15":78,"16":78,"17":78,"18":0,"19":16,"20":16,"21":41,"22":41,"23":41,"24":41,"25":41,"26":41,"27":0,"28":2,"29":2,"30":7,"31":7,"32":7,"33":7,"34":19,"35":19,"36":12,"37":19,"38":7,"39":7,"40":7,"41":12,"42":7,"43":5,"44":9,"45":5,"46":10,"47":5,"48":5,"49":1,"50":2,"51":1,"52":4,"53":1,"54":3,"55":2,"56":1,"57":3,"58":2,"59":2,"60":2,"61":4,"62":4,"63":4,"64":0,"65":2,"66":4,"67":2,"68":2,"69":2,"70":1,"71":3,"72":2,"73":7,"74":8,"75":7,"76":2,"77":7,"78":0},"f":{"0":27,"1":1,"2":26,"3":26,"4":26,"5":26,"6":78,"7":16,"8":41,"9":0,"10":2,"11":7,"12":9,"13":10,"14":2,"15":3,"16":2,"17":2,"18":4,"19":4,"20":2,"21":3,"22":2,"23":0},"b":{"0":[1,26],"1":[12,7],"2":[7,5],"3":[1,4],"4":[5,3],"5":[1,3],"6":[2,1],"7":[4,0]},"meta":{"lastBranch":8,"lastFunction":24,"lastStatement":79,"seen":{"f:28:9:28:39":0,"s:29:2:38:Infinity":0,"s:30:13:30:Infinity":1,"b:31:4:34:Infinity:undefined:undefined:undefined:undefined":0,"s:31:4:34:Infinity":2,"s:32:6:32:Infinity":3,"s:33:6:33:Infinity":4,"s:35:4:35:Infinity":5,"s:37:4:37:Infinity":6,"s:41:28:174:Infinity":7,"f:41:28:41:47":1,"s:41:61:174:2":8,"f:48:2:48:20":2,"s:49:4:49:Infinity":9,"f:51:2:51:14":3,"s:51:25:51:Infinity":10,"f:52:2:52:16":4,"s:52:24:52:Infinity":11,"f:53:2:53:17":5,"s:53:25:53:Infinity":12,"f:55:16:55:28":6,"s:56:4:66:Infinity":13,"s:57:17:57:23":14,"s:58:20:61:Infinity":15,"s:62:6:62:Infinity":16,"s:63:6:63:Infinity":17,"s:65:6:65:Infinity":18,"f:69:17:69:29":7,"s:70:15:70:21":19,"s:71:4:74:Infinity":20,"f:77:9:77:16":8,"s:78:15:78:Infinity":21,"s:79:16:79:Infinity":22,"s:80:32:89:Infinity":23,"s:90:4:90:Infinity":24,"s:91:4:91:Infinity":25,"s:92:4:92:Infinity":26,"f:95:12:95:19":9,"s:96:4:96:Infinity":27,"f:99:12:99:19":10,"s:100:4:100:Infinity":28,"s:101:4:101:Infinity":29,"f:104:16:104:28":11,"s:105:15:105:21":30,"s:106:20:109:Infinity":31,"s:112:19:112:Infinity":32,"s:113:4:117:Infinity":33,"s:114:18:114:Infinity":34,"b:115:6:115:Infinity:undefined:undefined:undefined:undefined":1,"s:115:6:115:Infinity":35,"s:115:28:115:Infinity":36,"s:116:6:116:Infinity":37,"s:119:31:119:Infinity":38,"s:120:63:120:Infinity":39,"s:122:4:159:Infinity":40,"b:123:6:123:Infinity:undefined:undefined:undefined:undefined":2,"s:123:6:123:Infinity":41,"s:123:27:123:Infinity":42,"s:125:24:125:Infinity":43,"f:125:28:125:34":12,"s:125:40:125:64":44,"s:126:24:126:Infinity":45,"f:126:28:126:34":13,"s:126:40:126:64":46,"s:127:21:127:Infinity":47,"b:129:6:132:Infinity:undefined:undefined:undefined:undefined":3,"s:129:6:132:Infinity":48,"b:129:10:129:23:129:23:129:34":4,"s:130:8:130:Infinity":49,"f:130:29:130:34":14,"s:130:40:130:44":50,"s:131:8:131:Infinity":51,"b:134:6:137:Infinity:undefined:undefined:undefined:undefined":5,"s:134:6:137:Infinity":52,"s:135:8:135:Infinity":53,"f:135:29:135:37":15,"s:135:43:135:67":54,"f:135:69:135:74":16,"s:135:80:135:84":55,"s:136:8:136:Infinity":56,"b:139:6:155:Infinity:undefined:undefined:undefined:undefined":6,"s:139:6:155:Infinity":57,"s:140:25:140:Infinity":58,"f:140:29:140:35":17,"s:140:41:140:65":59,"s:141:23:148:Infinity":60,"f:141:27:141:35":18,"s:142:10:147:Infinity":61,"s:143:27:143:Infinity":62,"b:143:59:143:83:143:83:143:Infinity":7,"s:144:12:144:Infinity":63,"s:146:12:146:Infinity":64,"s:149:8:149:Infinity":65,"f:149:29:149:37":19,"s:149:43:149:63":66,"f:149:65:149:70":20,"s:149:76:149:80":67,"s:150:8:153:Infinity":68,"s:154:8:154:Infinity":69,"s:158:6:158:Infinity":70,"f:158:27:158:35":21,"s:158:41:158:59":71,"f:158:61:158:66":22,"s:158:72:158:76":72,"s:161:4:163:Infinity":73,"s:162:6:162:Infinity":74,"s:164:4:166:Infinity":75,"s:165:6:165:Infinity":76,"s:168:4:168:Infinity":77,"f:171:18:171:30":23,"s:172:4:172:Infinity":78},"fnNames":{}}}
,"C:\\Users\\phanb\\Documents\\antigravity\\brave-davinci\\src\\utils\\grades.ts": {"path":"C:\\Users\\phanb\\Documents\\antigravity\\brave-davinci\\src\\utils\\grades.ts","statementMap":{"0":{"start":{"line":15,"column":2},"end":{"line":15,"column":null}},"1":{"start":{"line":15,"column":14},"end":{"line":15,"column":null}},"2":{"start":{"line":17,"column":74},"end":{"line":17,"column":null}},"3":{"start":{"line":19,"column":20},"end":{"line":19,"column":null}},"4":{"start":{"line":20,"column":21},"end":{"line":20,"column":null}},"5":{"start":{"line":22,"column":8},"end":{"line":22,"column":null}},"6":{"start":{"line":22,"column":31},"end":{"line":22,"column":null}},"7":{"start":{"line":24,"column":2},"end":{"line":24,"column":null}},"8":{"start":{"line":24,"column":55},"end":{"line":24,"column":92}},"9":{"start":{"line":24,"column":92},"end":{"line":24,"column":111}},"10":{"start":{"line":25,"column":2},"end":{"line":25,"column":null}},"11":{"start":{"line":25,"column":53},"end":{"line":25,"column":89}},"12":{"start":{"line":25,"column":89},"end":{"line":25,"column":108}},"13":{"start":{"line":26,"column":2},"end":{"line":26,"column":null}},"14":{"start":{"line":26,"column":61},"end":{"line":26,"column":101}},"15":{"start":{"line":26,"column":101},"end":{"line":26,"column":120}},"16":{"start":{"line":27,"column":2},"end":{"line":27,"column":null}},"17":{"start":{"line":27,"column":61},"end":{"line":27,"column":101}},"18":{"start":{"line":27,"column":101},"end":{"line":27,"column":120}},"19":{"start":{"line":28,"column":2},"end":{"line":28,"column":null}},"20":{"start":{"line":28,"column":57},"end":{"line":28,"column":95}},"21":{"start":{"line":28,"column":95},"end":{"line":28,"column":114}},"22":{"start":{"line":30,"column":2},"end":{"line":30,"column":null}},"23":{"start":{"line":30,"column":26},"end":{"line":30,"column":null}},"24":{"start":{"line":32,"column":14},"end":{"line":32,"column":null}},"25":{"start":{"line":34,"column":14},"end":{"line":34,"column":null}},"26":{"start":{"line":35,"column":2},"end":{"line":38,"column":null}},"27":{"start":{"line":35,"column":18},"end":{"line":35,"column":null}},"28":{"start":{"line":36,"column":7},"end":{"line":38,"column":null}},"29":{"start":{"line":36,"column":23},"end":{"line":36,"column":null}},"30":{"start":{"line":37,"column":7},"end":{"line":38,"column":null}},"31":{"start":{"line":37,"column":23},"end":{"line":37,"column":null}},"32":{"start":{"line":38,"column":7},"end":{"line":38,"column":null}},"33":{"start":{"line":38,"column":23},"end":{"line":38,"column":null}},"34":{"start":{"line":40,"column":2},"end":{"line":40,"column":null}},"35":{"start":{"line":47,"column":2},"end":{"line":47,"column":null}},"36":{"start":{"line":47,"column":24},"end":{"line":47,"column":null}},"37":{"start":{"line":48,"column":15},"end":{"line":48,"column":null}},"38":{"start":{"line":49,"column":2},"end":{"line":49,"column":null}}},"fnMap":{"0":{"name":"calculateGradeAverage","decl":{"start":{"line":14,"column":16},"end":{"line":14,"column":38}},"loc":{"start":{"line":14,"column":89},"end":{"line":41,"column":null}},"line":14},"1":{"name":"(anonymous_1)","decl":{"start":{"line":22,"column":8},"end":{"line":22,"column":17}},"loc":{"start":{"line":22,"column":31},"end":{"line":22,"column":null}},"line":22},"2":{"name":"calculateAttendanceRate","decl":{"start":{"line":43,"column":16},"end":{"line":43,"column":null}},"loc":{"start":{"line":46,"column":62},"end":{"line":50,"column":null}},"line":46}},"branchMap":{"0":{"loc":{"start":{"line":15,"column":2},"end":{"line":15,"column":null}},"type":"if","locations":[{"start":{"line":15,"column":2},"end":{"line":15,"column":null}},{"start":{},"end":{}}],"line":15},"1":{"loc":{"start":{"line":24,"column":2},"end":{"line":24,"column":null}},"type":"if","locations":[{"start":{"line":24,"column":2},"end":{"line":24,"column":null}},{"start":{},"end":{}}],"line":24},"2":{"loc":{"start":{"line":24,"column":6},"end":{"line":24,"column":53}},"type":"binary-expr","locations":[{"start":{"line":24,"column":6},"end":{"line":24,"column":28}},{"start":{"line":24,"column":28},"end":{"line":24,"column":53}}],"line":24},"3":{"loc":{"start":{"line":25,"column":2},"end":{"line":25,"column":null}},"type":"if","locations":[{"start":{"line":25,"column":2},"end":{"line":25,"column":null}},{"start":{},"end":{}}],"line":25},"4":{"loc":{"start":{"line":25,"column":6},"end":{"line":25,"column":51}},"type":"binary-expr","locations":[{"start":{"line":25,"column":6},"end":{"line":25,"column":27}},{"start":{"line":25,"column":27},"end":{"line":25,"column":51}}],"line":25},"5":{"loc":{"start":{"line":26,"column":2},"end":{"line":26,"column":null}},"type":"if","locations":[{"start":{"line":26,"column":2},"end":{"line":26,"column":null}},{"start":{},"end":{}}],"line":26},"6":{"loc":{"start":{"line":26,"column":6},"end":{"line":26,"column":59}},"type":"binary-expr","locations":[{"start":{"line":26,"column":6},"end":{"line":26,"column":31}},{"start":{"line":26,"column":31},"end":{"line":26,"column":59}}],"line":26},"7":{"loc":{"start":{"line":27,"column":2},"end":{"line":27,"column":null}},"type":"if","locations":[{"start":{"line":27,"column":2},"end":{"line":27,"column":null}},{"start":{},"end":{}}],"line":27},"8":{"loc":{"start":{"line":27,"column":6},"end":{"line":27,"column":59}},"type":"binary-expr","locations":[{"start":{"line":27,"column":6},"end":{"line":27,"column":31}},{"start":{"line":27,"column":31},"end":{"line":27,"column":59}}],"line":27},"9":{"loc":{"start":{"line":28,"column":2},"end":{"line":28,"column":null}},"type":"if","locations":[{"start":{"line":28,"column":2},"end":{"line":28,"column":null}},{"start":{},"end":{}}],"line":28},"10":{"loc":{"start":{"line":28,"column":6},"end":{"line":28,"column":55}},"type":"binary-expr","locations":[{"start":{"line":28,"column":6},"end":{"line":28,"column":29}},{"start":{"line":28,"column":29},"end":{"line":28,"column":55}}],"line":28},"11":{"loc":{"start":{"line":30,"column":2},"end":{"line":30,"column":null}},"type":"if","locations":[{"start":{"line":30,"column":2},"end":{"line":30,"column":null}},{"start":{},"end":{}}],"line":30},"12":{"loc":{"start":{"line":35,"column":2},"end":{"line":38,"column":null}},"type":"if","locations":[{"start":{"line":35,"column":2},"end":{"line":38,"column":null}},{"start":{"line":36,"column":7},"end":{"line":38,"column":null}}],"line":35},"13":{"loc":{"start":{"line":36,"column":7},"end":{"line":38,"column":null}},"type":"if","locations":[{"start":{"line":36,"column":7},"end":{"line":38,"column":null}},{"start":{"line":37,"column":7},"end":{"line":38,"column":null}}],"line":36},"14":{"loc":{"start":{"line":37,"column":7},"end":{"line":38,"column":null}},"type":"if","locations":[{"start":{"line":37,"column":7},"end":{"line":38,"column":null}},{"start":{"line":38,"column":7},"end":{"line":38,"column":null}}],"line":37},"15":{"loc":{"start":{"line":38,"column":7},"end":{"line":38,"column":null}},"type":"if","locations":[{"start":{"line":38,"column":7},"end":{"line":38,"column":null}},{"start":{},"end":{}}],"line":38},"16":{"loc":{"start":{"line":47,"column":2},"end":{"line":47,"column":null}},"type":"if","locations":[{"start":{"line":47,"column":2},"end":{"line":47,"column":null}},{"start":{},"end":{}}],"line":47}},"s":{"0":23,"1":2,"2":21,"3":21,"4":21,"5":21,"6":80,"7":21,"8":17,"9":17,"10":21,"11":16,"12":16,"13":21,"14":16,"15":16,"16":21,"17":15,"18":15,"19":21,"20":16,"21":16,"22":21,"23":2,"24":19,"25":19,"26":19,"27":5,"28":14,"29":5,"30":9,"31":3,"32":6,"33":2,"34":19,"35":6,"36":2,"37":4,"38":4},"f":{"0":23,"1":80,"2":6},"b":{"0":[2,21],"1":[17,4],"2":[21,18],"3":[16,5],"4":[21,17],"5":[16,5],"6":[21,17],"7":[15,6],"8":[21,16],"9":[16,5],"10":[21,17],"11":[2,19],"12":[5,14],"13":[5,9],"14":[3,6],"15":[2,4],"16":[2,4]},"meta":{"lastBranch":17,"lastFunction":3,"lastStatement":39,"seen":{"f:14:16:14:38":0,"b:15:2:15:Infinity:undefined:undefined:undefined:undefined":0,"s:15:2:15:Infinity":0,"s:15:14:15:Infinity":1,"s:17:74:17:Infinity":2,"s:19:20:19:Infinity":3,"s:20:21:20:Infinity":4,"s:22:8:22:Infinity":5,"f:22:8:22:17":1,"s:22:31:22:Infinity":6,"b:24:2:24:Infinity:undefined:undefined:undefined:undefined":1,"s:24:2:24:Infinity":7,"b:24:6:24:28:24:28:24:53":2,"s:24:55:24:92":8,"s:24:92:24:111":9,"b:25:2:25:Infinity:undefined:undefined:undefined:undefined":3,"s:25:2:25:Infinity":10,"b:25:6:25:27:25:27:25:51":4,"s:25:53:25:89":11,"s:25:89:25:108":12,"b:26:2:26:Infinity:undefined:undefined:undefined:undefined":5,"s:26:2:26:Infinity":13,"b:26:6:26:31:26:31:26:59":6,"s:26:61:26:101":14,"s:26:101:26:120":15,"b:27:2:27:Infinity:undefined:undefined:undefined:undefined":7,"s:27:2:27:Infinity":16,"b:27:6:27:31:27:31:27:59":8,"s:27:61:27:101":17,"s:27:101:27:120":18,"b:28:2:28:Infinity:undefined:undefined:undefined:undefined":9,"s:28:2:28:Infinity":19,"b:28:6:28:29:28:29:28:55":10,"s:28:57:28:95":20,"s:28:95:28:114":21,"b:30:2:30:Infinity:undefined:undefined:undefined:undefined":11,"s:30:2:30:Infinity":22,"s:30:26:30:Infinity":23,"s:32:14:32:Infinity":24,"s:34:14:34:Infinity":25,"b:35:2:38:Infinity:36:7:38:Infinity":12,"s:35:2:38:Infinity":26,"s:35:18:35:Infinity":27,"b:36:7:38:Infinity:37:7:38:Infinity":13,"s:36:7:38:Infinity":28,"s:36:23:36:Infinity":29,"b:37:7:38:Infinity:38:7:38:Infinity":14,"s:37:7:38:Infinity":30,"s:37:23:37:Infinity":31,"b:38:7:38:Infinity:undefined:undefined:undefined:undefined":15,"s:38:7:38:Infinity":32,"s:38:23:38:Infinity":33,"s:40:2:40:Infinity":34,"f:43:16:43:Infinity":2,"b:47:2:47:Infinity:undefined:undefined:undefined:undefined":16,"s:47:2:47:Infinity":35,"s:47:24:47:Infinity":36,"s:48:15:48:Infinity":37,"s:49:2:49:Infinity":38},"fnNames":{}}}
}
